2025-08-07 00:33:38.481 +07:00 [INF] Now listening on: http://localhost:5004
2025-08-07 00:33:38.516 +07:00 [INF] Application started. Press Ctrl+C to shut down.
2025-08-07 00:33:38.524 +07:00 [INF] Hosting environment: Development
2025-08-07 00:33:38.526 +07:00 [INF] Content root path: C:\Users\user\OneDrive\Documents\HanifRamadhan\DefaultDotnetBackend
2025-08-07 00:42:05.030 +07:00 [INF] Application is shutting down...
2025-08-07 01:22:41.920 +07:00 [INF] Now listening on: http://localhost:5004
2025-08-07 01:22:41.966 +07:00 [INF] Application started. Press Ctrl+C to shut down.
2025-08-07 01:22:41.969 +07:00 [INF] Hosting environment: Development
2025-08-07 01:22:41.971 +07:00 [INF] Content root path: C:\Users\user\OneDrive\Documents\HanifRamadhan\DefaultDotnetBackend
2025-08-07 01:22:45.234 +07:00 [INF] Application is shutting down...
2025-08-07 15:17:05.284 +07:00 [INF] Executed DbCommand (21ms) [Parameters=[], CommandType='"Text"', CommandTimeout='30']
SELECT "MigrationId", "ProductVersion"
FROM "__EFMigrationsHistory"
ORDER BY "MigrationId";
2025-08-07 15:17:05.617 +07:00 [INF] Executed DbCommand (8ms) [Parameters=[], CommandType='"Text"', CommandTimeout='30']
CREATE TABLE IF NOT EXISTS "__EFMigrationsHistory" (
    "MigrationId" character varying(150) NOT NULL,
    "ProductVersion" character varying(32) NOT NULL,
    CONSTRAINT "PK___EFMigrationsHistory" PRIMARY KEY ("MigrationId")
);
2025-08-07 15:17:05.631 +07:00 [INF] Acquiring an exclusive lock for migration application. See https://aka.ms/efcore-docs-migrations-lock for more information if this takes too long.
2025-08-07 15:17:05.634 +07:00 [INF] Executed DbCommand (1ms) [Parameters=[], CommandType='"Text"', CommandTimeout='30']
LOCK TABLE "__EFMigrationsHistory" IN ACCESS EXCLUSIVE MODE
2025-08-07 15:17:05.638 +07:00 [INF] Executed DbCommand (0ms) [Parameters=[], CommandType='"Text"', CommandTimeout='30']
SELECT "MigrationId", "ProductVersion"
FROM "__EFMigrationsHistory"
ORDER BY "MigrationId";
2025-08-07 15:17:05.650 +07:00 [INF] Applying migration '20250807081358_NpsqlDbMiragtions'.
2025-08-07 15:17:05.696 +07:00 [INF] Executed DbCommand (16ms) [Parameters=[], CommandType='"Text"', CommandTimeout='30']
DO $EF$
BEGIN
    IF NOT EXISTS(SELECT 1 FROM pg_namespace WHERE nspname = 'master') THEN
        CREATE SCHEMA master;
    END IF;
END $EF$;
2025-08-07 15:17:05.730 +07:00 [INF] Executed DbCommand (28ms) [Parameters=[], CommandType='"Text"', CommandTimeout='30']
CREATE TABLE master.countries (
    country_id int GENERATED BY DEFAULT AS IDENTITY,
    country_name varchar NOT NULL,
    numeric_code int NOT NULL,
    phone_code varchar NOT NULL,
    flag_url text NOT NULL,
    currency_code varchar NOT NULL,
    currency_name varchar NOT NULL,
    timezone varchar NOT NULL,
    is_active bool NOT NULL,
    CONSTRAINT "PK_countries" PRIMARY KEY (country_id)
);
2025-08-07 15:17:05.742 +07:00 [INF] Executed DbCommand (5ms) [Parameters=[], CommandType='"Text"', CommandTimeout='30']
CREATE TABLE master.roles (
    role_id varchar NOT NULL,
    role_name varchar NOT NULL,
    CONSTRAINT "PK_roles" PRIMARY KEY (role_id)
);
2025-08-07 15:17:05.761 +07:00 [ERR] Failed executing DbCommand (12ms) [Parameters=[], CommandType='"Text"', CommandTimeout='30']
CREATE TABLE master.settings (
    setting_id varchar NOT NULL,
    setting_name varchar NOT NULL,
    setting_type varchar NOT NULL,
    setting_value varchar NOT NULL,
    setting_description varchar NOT NULL,
    setting_reff string,
    setting_reff_id varchar,
    CONSTRAINT "PK_settings" PRIMARY KEY (setting_id)
);
2025-08-07 15:18:30.970 +07:00 [ERR] An error occurred using the connection to database 'base_database' on server 'tcp://localhost:5432'.
2025-08-07 15:19:06.907 +07:00 [ERR] An error occurred using the connection to database 'base_database' on server 'tcp://localhost:5432'.
2025-08-07 15:19:07.799 +07:00 [INF] Executed DbCommand (476ms) [Parameters=[], CommandType='"Text"', CommandTimeout='30']
CREATE DATABASE base_database;
2025-08-07 15:19:08.123 +07:00 [INF] Executed DbCommand (9ms) [Parameters=[], CommandType='"Text"', CommandTimeout='30']
CREATE TABLE IF NOT EXISTS "__EFMigrationsHistory" (
    "MigrationId" character varying(150) NOT NULL,
    "ProductVersion" character varying(32) NOT NULL,
    CONSTRAINT "PK___EFMigrationsHistory" PRIMARY KEY ("MigrationId")
);
2025-08-07 15:19:08.137 +07:00 [INF] Acquiring an exclusive lock for migration application. See https://aka.ms/efcore-docs-migrations-lock for more information if this takes too long.
2025-08-07 15:19:08.141 +07:00 [INF] Executed DbCommand (1ms) [Parameters=[], CommandType='"Text"', CommandTimeout='30']
LOCK TABLE "__EFMigrationsHistory" IN ACCESS EXCLUSIVE MODE
2025-08-07 15:19:08.148 +07:00 [INF] Executed DbCommand (3ms) [Parameters=[], CommandType='"Text"', CommandTimeout='30']
SELECT "MigrationId", "ProductVersion"
FROM "__EFMigrationsHistory"
ORDER BY "MigrationId";
2025-08-07 15:19:08.166 +07:00 [INF] Applying migration '20250807081849_NpsqlDbMiragtions'.
2025-08-07 15:19:08.211 +07:00 [INF] Executed DbCommand (3ms) [Parameters=[], CommandType='"Text"', CommandTimeout='30']
DO $EF$
BEGIN
    IF NOT EXISTS(SELECT 1 FROM pg_namespace WHERE nspname = 'master') THEN
        CREATE SCHEMA master;
    END IF;
END $EF$;
2025-08-07 15:19:08.220 +07:00 [INF] Executed DbCommand (4ms) [Parameters=[], CommandType='"Text"', CommandTimeout='30']
CREATE TABLE master.countries (
    country_id int GENERATED BY DEFAULT AS IDENTITY,
    country_name varchar NOT NULL,
    numeric_code int NOT NULL,
    phone_code varchar NOT NULL,
    flag_url text NOT NULL,
    currency_code varchar NOT NULL,
    currency_name varchar NOT NULL,
    timezone varchar NOT NULL,
    is_active bool NOT NULL,
    CONSTRAINT "PK_countries" PRIMARY KEY (country_id)
);
2025-08-07 15:19:08.230 +07:00 [INF] Executed DbCommand (3ms) [Parameters=[], CommandType='"Text"', CommandTimeout='30']
CREATE TABLE master.roles (
    role_id varchar NOT NULL,
    role_name varchar NOT NULL,
    CONSTRAINT "PK_roles" PRIMARY KEY (role_id)
);
2025-08-07 15:19:08.237 +07:00 [INF] Executed DbCommand (3ms) [Parameters=[], CommandType='"Text"', CommandTimeout='30']
CREATE TABLE master.settings (
    setting_id varchar NOT NULL,
    setting_name varchar NOT NULL,
    setting_type varchar NOT NULL,
    setting_value varchar NOT NULL,
    setting_description varchar NOT NULL,
    setting_reff varchar,
    setting_reff_id varchar,
    CONSTRAINT "PK_settings" PRIMARY KEY (setting_id)
);
2025-08-07 15:19:08.252 +07:00 [INF] Executed DbCommand (8ms) [Parameters=[], CommandType='"Text"', CommandTimeout='30']
CREATE TABLE master.provinces (
    province_id int GENERATED BY DEFAULT AS IDENTITY,
    province_name varchar NOT NULL,
    country_id int NOT NULL,
    CONSTRAINT "PK_provinces" PRIMARY KEY (province_id),
    CONSTRAINT "FK_provinces_countries_country_id" FOREIGN KEY (country_id) REFERENCES master.countries (country_id) ON DELETE CASCADE
);
2025-08-07 15:19:08.264 +07:00 [INF] Executed DbCommand (3ms) [Parameters=[], CommandType='"Text"', CommandTimeout='30']
CREATE TABLE master.accesses (
    access_id varchar NOT NULL,
    page_code varchar NOT NULL,
    access_type varchar NOT NULL,
    role_id varchar NOT NULL,
    CONSTRAINT "PK_accesses" PRIMARY KEY (access_id),
    CONSTRAINT "FK_accesses_roles_role_id" FOREIGN KEY (role_id) REFERENCES master.roles (role_id) ON DELETE CASCADE
);
2025-08-07 15:19:08.278 +07:00 [INF] Executed DbCommand (8ms) [Parameters=[], CommandType='"Text"', CommandTimeout='30']
CREATE TABLE master.cities (
    city_id int GENERATED BY DEFAULT AS IDENTITY,
    city_name varchar NOT NULL,
    province_id int NOT NULL,
    CONSTRAINT "PK_cities" PRIMARY KEY (city_id),
    CONSTRAINT "FK_cities_provinces_province_id" FOREIGN KEY (province_id) REFERENCES master.provinces (province_id) ON DELETE CASCADE
);
2025-08-07 15:19:08.294 +07:00 [INF] Executed DbCommand (10ms) [Parameters=[], CommandType='"Text"', CommandTimeout='30']
CREATE TABLE master.districts (
    district_id int GENERATED BY DEFAULT AS IDENTITY,
    district_name varchar NOT NULL,
    city_id int NOT NULL,
    CONSTRAINT "PK_districts" PRIMARY KEY (district_id),
    CONSTRAINT "FK_districts_cities_city_id" FOREIGN KEY (city_id) REFERENCES master.cities (city_id) ON DELETE CASCADE
);
2025-08-07 15:19:08.305 +07:00 [INF] Executed DbCommand (6ms) [Parameters=[], CommandType='"Text"', CommandTimeout='30']
CREATE TABLE master.users (
    user_id varchar NOT NULL,
    username varchar NOT NULL,
    full_name varchar NOT NULL,
    email varchar NOT NULL,
    phone varchar NOT NULL,
    address text NOT NULL,
    country_id int NOT NULL,
    province_id int NOT NULL,
    city_id int NOT NULL,
    district_id int NOT NULL,
    status varchar NOT NULL,
    role_id varchar NOT NULL,
    last_login timestamptz,
    created_date timestamptz NOT NULL,
    updated_date timestamptz,
    updated_by varchar,
    deleted_date timestamptz,
    deleted_by varchar,
    CONSTRAINT "PK_users" PRIMARY KEY (user_id),
    CONSTRAINT "FK_users_cities_city_id" FOREIGN KEY (city_id) REFERENCES master.cities (city_id) ON DELETE CASCADE,
    CONSTRAINT "FK_users_countries_country_id" FOREIGN KEY (country_id) REFERENCES master.countries (country_id) ON DELETE CASCADE,
    CONSTRAINT "FK_users_districts_district_id" FOREIGN KEY (district_id) REFERENCES master.districts (district_id) ON DELETE CASCADE,
    CONSTRAINT "FK_users_provinces_province_id" FOREIGN KEY (province_id) REFERENCES master.provinces (province_id) ON DELETE CASCADE,
    CONSTRAINT "FK_users_roles_role_id" FOREIGN KEY (role_id) REFERENCES master.roles (role_id) ON DELETE CASCADE,
    CONSTRAINT "FK_users_users_deleted_by" FOREIGN KEY (deleted_by) REFERENCES master.users (user_id),
    CONSTRAINT "FK_users_users_updated_by" FOREIGN KEY (updated_by) REFERENCES master.users (user_id)
);
2025-08-07 15:19:08.326 +07:00 [INF] Executed DbCommand (9ms) [Parameters=[], CommandType='"Text"', CommandTimeout='30']
CREATE TABLE master.user_metas (
    user_meta_id varchar NOT NULL,
    user_meta_type varchar NOT NULL,
    user_meta_value text NOT NULL,
    user_id varchar NOT NULL,
    CONSTRAINT "PK_user_metas" PRIMARY KEY (user_meta_id),
    CONSTRAINT "FK_user_metas_users_user_id" FOREIGN KEY (user_id) REFERENCES master.users (user_id) ON DELETE CASCADE
);
2025-08-07 15:19:08.334 +07:00 [INF] Executed DbCommand (2ms) [Parameters=[], CommandType='"Text"', CommandTimeout='30']
CREATE INDEX "IX_accesses_role_id" ON master.accesses (role_id);
2025-08-07 15:19:08.342 +07:00 [INF] Executed DbCommand (2ms) [Parameters=[], CommandType='"Text"', CommandTimeout='30']
CREATE UNIQUE INDEX "IX_cities_city_name" ON master.cities (city_name);
2025-08-07 15:19:08.357 +07:00 [INF] Executed DbCommand (11ms) [Parameters=[], CommandType='"Text"', CommandTimeout='30']
CREATE INDEX "IX_cities_province_id" ON master.cities (province_id);
2025-08-07 15:19:08.363 +07:00 [INF] Executed DbCommand (2ms) [Parameters=[], CommandType='"Text"', CommandTimeout='30']
CREATE UNIQUE INDEX "IX_countries_country_name" ON master.countries (country_name);
2025-08-07 15:19:08.374 +07:00 [INF] Executed DbCommand (4ms) [Parameters=[], CommandType='"Text"', CommandTimeout='30']
CREATE INDEX "IX_districts_city_id" ON master.districts (city_id);
2025-08-07 15:19:08.380 +07:00 [INF] Executed DbCommand (2ms) [Parameters=[], CommandType='"Text"', CommandTimeout='30']
CREATE UNIQUE INDEX "IX_districts_district_name" ON master.districts (district_name);
2025-08-07 15:19:08.387 +07:00 [INF] Executed DbCommand (2ms) [Parameters=[], CommandType='"Text"', CommandTimeout='30']
CREATE INDEX "IX_provinces_country_id" ON master.provinces (country_id);
2025-08-07 15:19:08.393 +07:00 [INF] Executed DbCommand (1ms) [Parameters=[], CommandType='"Text"', CommandTimeout='30']
CREATE UNIQUE INDEX "IX_provinces_province_name" ON master.provinces (province_name);
2025-08-07 15:19:08.399 +07:00 [INF] Executed DbCommand (1ms) [Parameters=[], CommandType='"Text"', CommandTimeout='30']
CREATE UNIQUE INDEX "IX_roles_role_name" ON master.roles (role_name);
2025-08-07 15:19:08.407 +07:00 [INF] Executed DbCommand (3ms) [Parameters=[], CommandType='"Text"', CommandTimeout='30']
CREATE UNIQUE INDEX "IX_settings_setting_name" ON master.settings (setting_name);
2025-08-07 15:19:08.414 +07:00 [INF] Executed DbCommand (2ms) [Parameters=[], CommandType='"Text"', CommandTimeout='30']
CREATE INDEX "IX_user_metas_user_id" ON master.user_metas (user_id);
2025-08-07 15:19:08.420 +07:00 [INF] Executed DbCommand (2ms) [Parameters=[], CommandType='"Text"', CommandTimeout='30']
CREATE INDEX "IX_users_city_id" ON master.users (city_id);
2025-08-07 15:19:08.426 +07:00 [INF] Executed DbCommand (1ms) [Parameters=[], CommandType='"Text"', CommandTimeout='30']
CREATE INDEX "IX_users_country_id" ON master.users (country_id);
2025-08-07 15:19:08.432 +07:00 [INF] Executed DbCommand (2ms) [Parameters=[], CommandType='"Text"', CommandTimeout='30']
CREATE INDEX "IX_users_deleted_by" ON master.users (deleted_by);
2025-08-07 15:19:08.440 +07:00 [INF] Executed DbCommand (3ms) [Parameters=[], CommandType='"Text"', CommandTimeout='30']
CREATE INDEX "IX_users_district_id" ON master.users (district_id);
2025-08-07 15:19:08.446 +07:00 [INF] Executed DbCommand (1ms) [Parameters=[], CommandType='"Text"', CommandTimeout='30']
CREATE UNIQUE INDEX "IX_users_email" ON master.users (email);
2025-08-07 15:19:08.450 +07:00 [INF] Executed DbCommand (1ms) [Parameters=[], CommandType='"Text"', CommandTimeout='30']
CREATE UNIQUE INDEX "IX_users_phone" ON master.users (phone);
2025-08-07 15:19:08.458 +07:00 [INF] Executed DbCommand (1ms) [Parameters=[], CommandType='"Text"', CommandTimeout='30']
CREATE INDEX "IX_users_province_id" ON master.users (province_id);
2025-08-07 15:19:08.463 +07:00 [INF] Executed DbCommand (2ms) [Parameters=[], CommandType='"Text"', CommandTimeout='30']
CREATE INDEX "IX_users_role_id" ON master.users (role_id);
2025-08-07 15:19:08.469 +07:00 [INF] Executed DbCommand (2ms) [Parameters=[], CommandType='"Text"', CommandTimeout='30']
CREATE INDEX "IX_users_updated_by" ON master.users (updated_by);
2025-08-07 15:19:08.477 +07:00 [INF] Executed DbCommand (1ms) [Parameters=[], CommandType='"Text"', CommandTimeout='30']
CREATE UNIQUE INDEX "IX_users_user_id" ON master.users (user_id);
2025-08-07 15:19:08.481 +07:00 [INF] Executed DbCommand (1ms) [Parameters=[], CommandType='"Text"', CommandTimeout='30']
CREATE UNIQUE INDEX "IX_users_username" ON master.users (username);
2025-08-07 15:19:08.490 +07:00 [INF] Executed DbCommand (4ms) [Parameters=[], CommandType='"Text"', CommandTimeout='30']
INSERT INTO "__EFMigrationsHistory" ("MigrationId", "ProductVersion")
VALUES ('20250807081849_NpsqlDbMiragtions', '9.0.7');
2025-08-07 15:20:19.560 +07:00 [INF] Executed DbCommand (19ms) [Parameters=[], CommandType='"Text"', CommandTimeout='30']
SELECT "MigrationId", "ProductVersion"
FROM "__EFMigrationsHistory"
ORDER BY "MigrationId";
2025-08-07 15:20:19.908 +07:00 [INF] Executed DbCommand (5ms) [Parameters=[], CommandType='"Text"', CommandTimeout='30']
CREATE TABLE IF NOT EXISTS "__EFMigrationsHistory" (
    "MigrationId" character varying(150) NOT NULL,
    "ProductVersion" character varying(32) NOT NULL,
    CONSTRAINT "PK___EFMigrationsHistory" PRIMARY KEY ("MigrationId")
);
2025-08-07 15:20:19.923 +07:00 [INF] Acquiring an exclusive lock for migration application. See https://aka.ms/efcore-docs-migrations-lock for more information if this takes too long.
2025-08-07 15:20:19.927 +07:00 [INF] Executed DbCommand (1ms) [Parameters=[], CommandType='"Text"', CommandTimeout='30']
LOCK TABLE "__EFMigrationsHistory" IN ACCESS EXCLUSIVE MODE
2025-08-07 15:20:19.931 +07:00 [INF] Executed DbCommand (0ms) [Parameters=[], CommandType='"Text"', CommandTimeout='30']
SELECT "MigrationId", "ProductVersion"
FROM "__EFMigrationsHistory"
ORDER BY "MigrationId";
2025-08-07 15:20:19.941 +07:00 [INF] No migrations were applied. The database is already up to date.
2025-08-07 17:01:01.964 +07:00 [INF] Now listening on: http://localhost:5004
2025-08-07 17:01:02.055 +07:00 [INF] Application started. Press Ctrl+C to shut down.
2025-08-07 17:01:02.061 +07:00 [INF] Hosting environment: Development
2025-08-07 17:01:02.065 +07:00 [INF] Content root path: C:\Users\user\OneDrive\Documents\HanifRamadhan\DefaultDotnetBackend
2025-08-07 17:01:12.833 +07:00 [INF] Request starting HTTP/1.1 GET http://localhost:5004/ - null null
2025-08-07 17:01:12.970 +07:00 [INF] Executing endpoint 'DefaultDotnetBackend.Controllers.HomeController.Home (DefaultDotnetBackend)'
2025-08-07 17:01:13.029 +07:00 [INF] Route matched with {action = "Home", controller = "Home"}. Executing controller action with signature Microsoft.AspNetCore.Mvc.IActionResult Home() on controller DefaultDotnetBackend.Controllers.HomeController (DefaultDotnetBackend).
2025-08-07 17:01:13.122 +07:00 [INF] Executing OkObjectResult, writing value of type 'DefaultDotnetBackend.DTOs.ApiResponse`1[[System.Object, System.Private.CoreLib, Version=8.0.0.0, Culture=neutral, PublicKeyToken=7cec85d7bea7798e]]'.
2025-08-07 17:01:13.561 +07:00 [INF] Executed action DefaultDotnetBackend.Controllers.HomeController.Home (DefaultDotnetBackend) in 507.5326ms
2025-08-07 17:01:13.598 +07:00 [INF] Executed endpoint 'DefaultDotnetBackend.Controllers.HomeController.Home (DefaultDotnetBackend)'
2025-08-07 17:01:13.617 +07:00 [INF] Request finished HTTP/1.1 GET http://localhost:5004/ - 200 null application/json; charset=utf-8 788.2684ms
2025-08-07 17:01:13.848 +07:00 [INF] Request starting HTTP/1.1 GET http://localhost:5004/favicon.ico - null null
2025-08-07 17:01:13.887 +07:00 [INF] Request finished HTTP/1.1 GET http://localhost:5004/favicon.ico - 404 0 null 40.7111ms
2025-08-07 17:01:13.930 +07:00 [INF] Request reached the end of the middleware pipeline without being handled by application code. Request path: GET http://localhost:5004/favicon.ico, Response status code: 404
2025-08-07 17:01:15.872 +07:00 [INF] Request starting HTTP/1.1 GET http://localhost:5004/ - null null
2025-08-07 17:01:15.887 +07:00 [INF] Executing endpoint 'DefaultDotnetBackend.Controllers.HomeController.Home (DefaultDotnetBackend)'
2025-08-07 17:01:15.893 +07:00 [INF] Route matched with {action = "Home", controller = "Home"}. Executing controller action with signature Microsoft.AspNetCore.Mvc.IActionResult Home() on controller DefaultDotnetBackend.Controllers.HomeController (DefaultDotnetBackend).
2025-08-07 17:01:15.899 +07:00 [INF] Executing OkObjectResult, writing value of type 'DefaultDotnetBackend.DTOs.ApiResponse`1[[System.Object, System.Private.CoreLib, Version=8.0.0.0, Culture=neutral, PublicKeyToken=7cec85d7bea7798e]]'.
2025-08-07 17:01:15.903 +07:00 [INF] Executed action DefaultDotnetBackend.Controllers.HomeController.Home (DefaultDotnetBackend) in 4.2524ms
2025-08-07 17:01:15.907 +07:00 [INF] Executed endpoint 'DefaultDotnetBackend.Controllers.HomeController.Home (DefaultDotnetBackend)'
2025-08-07 17:01:15.911 +07:00 [INF] Request finished HTTP/1.1 GET http://localhost:5004/ - 200 null application/json; charset=utf-8 38.445ms
2025-08-07 17:02:18.012 +07:00 [INF] Request starting HTTP/1.1 GET http://localhost:5004/swagger/index.html - null null
2025-08-07 17:02:18.149 +07:00 [INF] Request finished HTTP/1.1 GET http://localhost:5004/swagger/index.html - 200 null text/html;charset=utf-8 137.0088ms
2025-08-07 17:02:18.193 +07:00 [INF] Request starting HTTP/1.1 GET http://localhost:5004/swagger/swagger-ui.css - null null
2025-08-07 17:02:18.204 +07:00 [INF] Request starting HTTP/1.1 GET http://localhost:5004/swagger/swagger-ui-bundle.js - null null
2025-08-07 17:02:18.213 +07:00 [INF] Request starting HTTP/1.1 GET http://localhost:5004/swagger/swagger-ui-standalone-preset.js - null null
2025-08-07 17:02:18.232 +07:00 [INF] Sending file. Request path: '/swagger-ui-standalone-preset.js'. Physical path: 'N/A'
2025-08-07 17:02:18.232 +07:00 [INF] Sending file. Request path: '/swagger-ui.css'. Physical path: 'N/A'
2025-08-07 17:02:18.241 +07:00 [INF] Request finished HTTP/1.1 GET http://localhost:5004/swagger/swagger-ui-standalone-preset.js - 200 230280 text/javascript 27.2088ms
2025-08-07 17:02:18.253 +07:00 [INF] Request finished HTTP/1.1 GET http://localhost:5004/swagger/swagger-ui.css - 200 152034 text/css 47.3561ms
2025-08-07 17:02:18.328 +07:00 [INF] Sending file. Request path: '/swagger-ui-bundle.js'. Physical path: 'N/A'
2025-08-07 17:02:18.333 +07:00 [INF] Request finished HTTP/1.1 GET http://localhost:5004/swagger/swagger-ui-bundle.js - 200 1456926 text/javascript 129.3512ms
2025-08-07 17:02:18.687 +07:00 [INF] Request starting HTTP/1.1 GET http://localhost:5004/swagger/base/swagger.json - null null
2025-08-07 17:02:18.716 +07:00 [INF] Request starting HTTP/1.1 GET http://localhost:5004/swagger/favicon-32x32.png - null null
2025-08-07 17:02:18.726 +07:00 [INF] Sending file. Request path: '/favicon-32x32.png'. Physical path: 'N/A'
2025-08-07 17:02:18.730 +07:00 [INF] Request finished HTTP/1.1 GET http://localhost:5004/swagger/favicon-32x32.png - 200 628 image/png 13.3008ms
2025-08-07 17:02:18.779 +07:00 [INF] Request finished HTTP/1.1 GET http://localhost:5004/swagger/base/swagger.json - 200 null application/json;charset=utf-8 91.9687ms
2025-08-07 17:02:33.116 +07:00 [INF] Request starting HTTP/1.1 GET http://localhost:5004/Builder/schema - null null
2025-08-07 17:02:33.141 +07:00 [INF] Executing endpoint 'DefaultDotnetBackend.Controllers.BuilderController.GetDatabase (DefaultDotnetBackend)'
2025-08-07 17:02:33.164 +07:00 [INF] Route matched with {action = "GetDatabase", controller = "Builder"}. Executing controller action with signature System.Threading.Tasks.Task`1[Microsoft.AspNetCore.Mvc.IActionResult] GetDatabase() on controller DefaultDotnetBackend.Controllers.BuilderController (DefaultDotnetBackend).
2025-08-07 17:02:34.100 +07:00 [INF] Executing OkObjectResult, writing value of type 'DefaultDotnetBackend.DTOs.ApiResponse`1[[System.Collections.Generic.List`1[[System.String, System.Private.CoreLib, Version=8.0.0.0, Culture=neutral, PublicKeyToken=7cec85d7bea7798e]], System.Private.CoreLib, Version=8.0.0.0, Culture=neutral, PublicKeyToken=7cec85d7bea7798e]]'.
2025-08-07 17:02:34.135 +07:00 [INF] Executed action DefaultDotnetBackend.Controllers.BuilderController.GetDatabase (DefaultDotnetBackend) in 964.9521ms
2025-08-07 17:02:34.147 +07:00 [INF] Executed endpoint 'DefaultDotnetBackend.Controllers.BuilderController.GetDatabase (DefaultDotnetBackend)'
2025-08-07 17:02:34.157 +07:00 [INF] Request finished HTTP/1.1 GET http://localhost:5004/Builder/schema - 200 null application/json; charset=utf-8 1041.5406ms
2025-08-07 23:38:11.676 +07:00 [INF] Application is shutting down...
2025-08-07 23:38:19.945 +07:00 [INF] Now listening on: http://localhost:5004
2025-08-07 23:38:19.978 +07:00 [INF] Application started. Press Ctrl+C to shut down.
2025-08-07 23:38:19.981 +07:00 [INF] Hosting environment: Development
2025-08-07 23:38:19.983 +07:00 [INF] Content root path: C:\Users\user\OneDrive\Documents\HanifRamadhan\DefaultDotnetBackend
2025-08-07 23:38:23.186 +07:00 [INF] Request starting HTTP/1.1 GET http://localhost:5004/Builder/schema - null null
2025-08-07 23:38:23.224 +07:00 [INF] Executing endpoint 'DefaultDotnetBackend.Controllers.BuilderController.GetDatabase (DefaultDotnetBackend)'
2025-08-07 23:38:23.244 +07:00 [INF] Route matched with {action = "GetDatabase", controller = "Builder"}. Executing controller action with signature System.Threading.Tasks.Task`1[Microsoft.AspNetCore.Mvc.IActionResult] GetDatabase() on controller DefaultDotnetBackend.Controllers.BuilderController (DefaultDotnetBackend).
2025-08-07 23:38:23.728 +07:00 [INF] Executing OkObjectResult, writing value of type 'DefaultDotnetBackend.DTOs.ApiResponse`1[[System.Collections.Generic.List`1[[System.String, System.Private.CoreLib, Version=8.0.0.0, Culture=neutral, PublicKeyToken=7cec85d7bea7798e]], System.Private.CoreLib, Version=8.0.0.0, Culture=neutral, PublicKeyToken=7cec85d7bea7798e]]'.
2025-08-07 23:38:23.822 +07:00 [INF] Executed action DefaultDotnetBackend.Controllers.BuilderController.GetDatabase (DefaultDotnetBackend) in 567.7546ms
2025-08-07 23:38:23.829 +07:00 [INF] Executed endpoint 'DefaultDotnetBackend.Controllers.BuilderController.GetDatabase (DefaultDotnetBackend)'
2025-08-07 23:38:23.837 +07:00 [INF] Request finished HTTP/1.1 GET http://localhost:5004/Builder/schema - 200 null application/json; charset=utf-8 651.6235ms
2025-08-07 23:38:27.428 +07:00 [INF] Request starting HTTP/1.1 GET http://localhost:5004/Builder/schema - null null
2025-08-07 23:38:27.437 +07:00 [INF] Executing endpoint 'DefaultDotnetBackend.Controllers.BuilderController.GetDatabase (DefaultDotnetBackend)'
2025-08-07 23:38:27.439 +07:00 [INF] Route matched with {action = "GetDatabase", controller = "Builder"}. Executing controller action with signature System.Threading.Tasks.Task`1[Microsoft.AspNetCore.Mvc.IActionResult] GetDatabase() on controller DefaultDotnetBackend.Controllers.BuilderController (DefaultDotnetBackend).
2025-08-07 23:38:27.445 +07:00 [INF] Executing OkObjectResult, writing value of type 'DefaultDotnetBackend.DTOs.ApiResponse`1[[System.Collections.Generic.List`1[[System.String, System.Private.CoreLib, Version=8.0.0.0, Culture=neutral, PublicKeyToken=7cec85d7bea7798e]], System.Private.CoreLib, Version=8.0.0.0, Culture=neutral, PublicKeyToken=7cec85d7bea7798e]]'.
2025-08-07 23:38:27.448 +07:00 [INF] Executed action DefaultDotnetBackend.Controllers.BuilderController.GetDatabase (DefaultDotnetBackend) in 5.9337ms
2025-08-07 23:38:27.452 +07:00 [INF] Executed endpoint 'DefaultDotnetBackend.Controllers.BuilderController.GetDatabase (DefaultDotnetBackend)'
2025-08-07 23:38:27.454 +07:00 [INF] Request finished HTTP/1.1 GET http://localhost:5004/Builder/schema - 200 null application/json; charset=utf-8 26.3336ms
2025-08-07 23:38:33.781 +07:00 [INF] Application is shutting down...
2025-08-07 23:38:38.112 +07:00 [INF] Now listening on: http://localhost:5004
2025-08-07 23:38:38.153 +07:00 [INF] Application started. Press Ctrl+C to shut down.
2025-08-07 23:38:38.159 +07:00 [INF] Hosting environment: Development
2025-08-07 23:38:38.161 +07:00 [INF] Content root path: C:\Users\user\OneDrive\Documents\HanifRamadhan\DefaultDotnetBackend
2025-08-07 23:38:39.632 +07:00 [INF] Request starting HTTP/1.1 GET http://localhost:5004/swagger/index.html - null null
2025-08-07 23:38:39.761 +07:00 [INF] Request finished HTTP/1.1 GET http://localhost:5004/swagger/index.html - 200 null text/html;charset=utf-8 129.5903ms
2025-08-07 23:38:39.997 +07:00 [INF] Request starting HTTP/1.1 GET http://localhost:5004/swagger/base/swagger.json - null null
2025-08-07 23:38:40.060 +07:00 [INF] Request finished HTTP/1.1 GET http://localhost:5004/swagger/base/swagger.json - 200 null application/json;charset=utf-8 63.1693ms
2025-08-07 23:38:44.273 +07:00 [INF] Request starting HTTP/1.1 GET http://localhost:5004/Builder/Schema - null null
2025-08-07 23:38:44.296 +07:00 [INF] Executing endpoint 'DefaultDotnetBackend.Controllers.BuilderController.GetDatabase (DefaultDotnetBackend)'
2025-08-07 23:38:44.316 +07:00 [INF] Route matched with {action = "GetDatabase", controller = "Builder"}. Executing controller action with signature System.Threading.Tasks.Task`1[Microsoft.AspNetCore.Mvc.IActionResult] GetDatabase() on controller DefaultDotnetBackend.Controllers.BuilderController (DefaultDotnetBackend).
2025-08-07 23:38:44.683 +07:00 [INF] Executing OkObjectResult, writing value of type 'DefaultDotnetBackend.DTOs.ApiResponse`1[[System.Collections.Generic.List`1[[System.String, System.Private.CoreLib, Version=8.0.0.0, Culture=neutral, PublicKeyToken=7cec85d7bea7798e]], System.Private.CoreLib, Version=8.0.0.0, Culture=neutral, PublicKeyToken=7cec85d7bea7798e]]'.
2025-08-07 23:38:44.723 +07:00 [INF] Executed action DefaultDotnetBackend.Controllers.BuilderController.GetDatabase (DefaultDotnetBackend) in 399.2215ms
2025-08-07 23:38:44.726 +07:00 [INF] Executed endpoint 'DefaultDotnetBackend.Controllers.BuilderController.GetDatabase (DefaultDotnetBackend)'
2025-08-07 23:38:44.729 +07:00 [INF] Request finished HTTP/1.1 GET http://localhost:5004/Builder/Schema - 200 null application/json; charset=utf-8 455.7948ms
2025-08-07 23:41:21.123 +07:00 [INF] Application is shutting down...
2025-08-07 23:41:25.479 +07:00 [INF] Now listening on: http://localhost:5004
2025-08-07 23:41:25.520 +07:00 [INF] Application started. Press Ctrl+C to shut down.
2025-08-07 23:41:25.523 +07:00 [INF] Hosting environment: Development
2025-08-07 23:41:25.525 +07:00 [INF] Content root path: C:\Users\user\OneDrive\Documents\HanifRamadhan\DefaultDotnetBackend
2025-08-07 23:41:28.693 +07:00 [INF] Request starting HTTP/1.1 GET http://localhost:5004/Builder/Schema - null null
2025-08-07 23:41:28.739 +07:00 [INF] Executing endpoint 'DefaultDotnetBackend.Controllers.BuilderController.GetDatabase (DefaultDotnetBackend)'
2025-08-07 23:41:28.759 +07:00 [INF] Route matched with {action = "GetDatabase", controller = "Builder"}. Executing controller action with signature System.Threading.Tasks.Task`1[Microsoft.AspNetCore.Mvc.IActionResult] GetDatabase() on controller DefaultDotnetBackend.Controllers.BuilderController (DefaultDotnetBackend).
2025-08-07 23:41:29.035 +07:00 [INF] Executing OkObjectResult, writing value of type 'DefaultDotnetBackend.DTOs.ApiResponse`1[[System.Collections.Generic.List`1[[DefaultDotnetBackend.DTOs.OptionResponse, DefaultDotnetBackend, Version=1.0.0.0, Culture=neutral, PublicKeyToken=null]], System.Private.CoreLib, Version=8.0.0.0, Culture=neutral, PublicKeyToken=7cec85d7bea7798e]]'.
2025-08-07 23:41:29.113 +07:00 [INF] Executed action DefaultDotnetBackend.Controllers.BuilderController.GetDatabase (DefaultDotnetBackend) in 345.2273ms
2025-08-07 23:41:29.123 +07:00 [INF] Executed endpoint 'DefaultDotnetBackend.Controllers.BuilderController.GetDatabase (DefaultDotnetBackend)'
2025-08-07 23:41:29.130 +07:00 [INF] Request finished HTTP/1.1 GET http://localhost:5004/Builder/Schema - 200 null application/json; charset=utf-8 436.9743ms
