2025-08-08 17:25:37.806 +07:00 [INF] Application is shutting down...
2025-08-08 17:26:01.182 +07:00 [INF] Now listening on: http://localhost:5004
2025-08-08 17:26:01.263 +07:00 [INF] Application started. Press Ctrl+C to shut down.
2025-08-08 17:26:01.267 +07:00 [INF] Hosting environment: Development
2025-08-08 17:26:01.271 +07:00 [INF] Content root path: C:\Users\user\OneDrive\Documents\HanifRamadhan\DefaultDotnetBackend
2025-08-08 17:26:04.349 +07:00 [INF] Request starting HTTP/1.1 GET http://localhost:5004/swagger/index.html - null null
2025-08-08 17:26:04.617 +07:00 [INF] Request finished HTTP/1.1 GET http://localhost:5004/swagger/index.html - 200 null text/html;charset=utf-8 274.1053ms
2025-08-08 17:26:05.107 +07:00 [INF] Request starting HTTP/1.1 GET http://localhost:5004/swagger/base/swagger.json - null null
2025-08-08 17:26:05.376 +07:00 [INF] Request finished HTTP/1.1 GET http://localhost:5004/swagger/base/swagger.json - 200 null application/json;charset=utf-8 268.6468ms
2025-08-08 17:26:10.079 +07:00 [INF] Request starting HTTP/1.1 GET http://localhost:5004/swagger/index.html - null null
2025-08-08 17:26:10.094 +07:00 [INF] Request finished HTTP/1.1 GET http://localhost:5004/swagger/index.html - 200 null text/html;charset=utf-8 14.5344ms
2025-08-08 17:26:10.192 +07:00 [INF] Request starting HTTP/1.1 GET http://localhost:5004/swagger/base/swagger.json - null null
2025-08-08 17:26:10.208 +07:00 [INF] Request finished HTTP/1.1 GET http://localhost:5004/swagger/base/swagger.json - 200 null application/json;charset=utf-8 16.1805ms
2025-08-08 17:26:20.658 +07:00 [INF] Request starting HTTP/1.1 GET http://localhost:5004/Builder?schema=master - null null
2025-08-08 17:26:20.699 +07:00 [INF] Executing endpoint 'DefaultDotnetBackend.Controllers.BuilderController.GetTable (DefaultDotnetBackend)'
2025-08-08 17:26:20.762 +07:00 [INF] Route matched with {action = "GetTable", controller = "Builder"}. Executing controller action with signature System.Threading.Tasks.Task`1[Microsoft.AspNetCore.Mvc.IActionResult] GetTable(System.String) on controller DefaultDotnetBackend.Controllers.BuilderController (DefaultDotnetBackend).
2025-08-08 17:26:21.960 +07:00 [ERR] [BuilderController]: System.InvalidCastException: Column 'foreign_table' is null.
   at Npgsql.ThrowHelper.ThrowInvalidCastException_NoValue(FieldDescription field)
   at Npgsql.NpgsqlDataReader.DbNullValueOrThrow[T](Int32 ordinal)
   at Npgsql.NpgsqlDataReader.GetFieldValueCore[T](Int32 ordinal)
   at Npgsql.NpgsqlDataReader.GetString(Int32 ordinal)
   at DefaultDotnetBackend.Repositories.BuilderRepository.GetTableDetail(String schema) in C:\Users\user\OneDrive\Documents\HanifRamadhan\DefaultDotnetBackend\Modules\Builder\Repository\BuilderRepository.cs:line 172
   at DefaultDotnetBackend.Repositories.BuilderRepository.GetTableDetail(String schema) in C:\Users\user\OneDrive\Documents\HanifRamadhan\DefaultDotnetBackend\Modules\Builder\Repository\BuilderRepository.cs:line 190
   at DefaultDotnetBackend.Repositories.BuilderRepository.GetTableDetail(String schema) in C:\Users\user\OneDrive\Documents\HanifRamadhan\DefaultDotnetBackend\Modules\Builder\Repository\BuilderRepository.cs:line 190
   at DefaultDotnetBackend.Controllers.BuilderController.GetTable(String schema) in C:\Users\user\OneDrive\Documents\HanifRamadhan\DefaultDotnetBackend\Modules\Builder\Controller\BuilderController.cs:line 32
2025-08-08 17:26:21.979 +07:00 [INF] Executing BadRequestObjectResult, writing value of type '<>f__AnonymousType0`3[[System.Boolean, System.Private.CoreLib, Version=8.0.0.0, Culture=neutral, PublicKeyToken=7cec85d7bea7798e],[System.String, System.Private.CoreLib, Version=8.0.0.0, Culture=neutral, PublicKeyToken=7cec85d7bea7798e],[System.Object, System.Private.CoreLib, Version=8.0.0.0, Culture=neutral, PublicKeyToken=7cec85d7bea7798e]]'.
2025-08-08 17:26:22.072 +07:00 [INF] Executed action DefaultDotnetBackend.Controllers.BuilderController.GetTable (DefaultDotnetBackend) in 1295.6929ms
2025-08-08 17:26:22.080 +07:00 [INF] Executed endpoint 'DefaultDotnetBackend.Controllers.BuilderController.GetTable (DefaultDotnetBackend)'
2025-08-08 17:26:22.084 +07:00 [INF] Request finished HTTP/1.1 GET http://localhost:5004/Builder?schema=master - 400 null application/json; charset=utf-8 1426.7349ms
2025-08-08 17:34:47.973 +07:00 [INF] Application is shutting down...
2025-08-08 17:34:53.066 +07:00 [INF] Now listening on: http://localhost:5004
2025-08-08 17:34:53.110 +07:00 [INF] Application started. Press Ctrl+C to shut down.
2025-08-08 17:34:53.113 +07:00 [INF] Hosting environment: Development
2025-08-08 17:34:53.114 +07:00 [INF] Content root path: C:\Users\user\OneDrive\Documents\HanifRamadhan\DefaultDotnetBackend
2025-08-08 17:34:54.944 +07:00 [INF] Request starting HTTP/1.1 GET http://localhost:5004/Builder?schema=master - null null
2025-08-08 17:34:54.990 +07:00 [INF] Executing endpoint 'DefaultDotnetBackend.Controllers.BuilderController.GetTable (DefaultDotnetBackend)'
2025-08-08 17:34:55.014 +07:00 [INF] Route matched with {action = "GetTable", controller = "Builder"}. Executing controller action with signature System.Threading.Tasks.Task`1[Microsoft.AspNetCore.Mvc.IActionResult] GetTable(System.String) on controller DefaultDotnetBackend.Controllers.BuilderController (DefaultDotnetBackend).
2025-08-08 17:34:55.693 +07:00 [ERR] [BuilderController]: System.InvalidCastException: Column 'foreign_table' is null.
   at Npgsql.ThrowHelper.ThrowInvalidCastException_NoValue(FieldDescription field)
   at Npgsql.NpgsqlDataReader.DbNullValueOrThrow[T](Int32 ordinal)
   at Npgsql.NpgsqlDataReader.GetFieldValueCore[T](Int32 ordinal)
   at Npgsql.NpgsqlDataReader.GetString(Int32 ordinal)
   at DefaultDotnetBackend.Repositories.BuilderRepository.GetTableDetail(String schema) in C:\Users\user\OneDrive\Documents\HanifRamadhan\DefaultDotnetBackend\Modules\Builder\Repository\BuilderRepository.cs:line 174
   at DefaultDotnetBackend.Repositories.BuilderRepository.GetTableDetail(String schema) in C:\Users\user\OneDrive\Documents\HanifRamadhan\DefaultDotnetBackend\Modules\Builder\Repository\BuilderRepository.cs:line 194
   at DefaultDotnetBackend.Repositories.BuilderRepository.GetTableDetail(String schema) in C:\Users\user\OneDrive\Documents\HanifRamadhan\DefaultDotnetBackend\Modules\Builder\Repository\BuilderRepository.cs:line 194
   at DefaultDotnetBackend.Controllers.BuilderController.GetTable(String schema) in C:\Users\user\OneDrive\Documents\HanifRamadhan\DefaultDotnetBackend\Modules\Builder\Controller\BuilderController.cs:line 32
2025-08-08 17:34:55.706 +07:00 [INF] Executing BadRequestObjectResult, writing value of type '<>f__AnonymousType0`3[[System.Boolean, System.Private.CoreLib, Version=8.0.0.0, Culture=neutral, PublicKeyToken=7cec85d7bea7798e],[System.String, System.Private.CoreLib, Version=8.0.0.0, Culture=neutral, PublicKeyToken=7cec85d7bea7798e],[System.Object, System.Private.CoreLib, Version=8.0.0.0, Culture=neutral, PublicKeyToken=7cec85d7bea7798e]]'.
2025-08-08 17:34:55.784 +07:00 [INF] Executed action DefaultDotnetBackend.Controllers.BuilderController.GetTable (DefaultDotnetBackend) in 761.2968ms
2025-08-08 17:34:55.794 +07:00 [INF] Executed endpoint 'DefaultDotnetBackend.Controllers.BuilderController.GetTable (DefaultDotnetBackend)'
2025-08-08 17:34:55.799 +07:00 [INF] Request finished HTTP/1.1 GET http://localhost:5004/Builder?schema=master - 400 null application/json; charset=utf-8 856.3035ms
2025-08-08 17:35:53.607 +07:00 [INF] Application is shutting down...
2025-08-08 17:35:58.067 +07:00 [INF] Now listening on: http://localhost:5004
2025-08-08 17:35:58.105 +07:00 [INF] Application started. Press Ctrl+C to shut down.
2025-08-08 17:35:58.108 +07:00 [INF] Hosting environment: Development
2025-08-08 17:35:58.110 +07:00 [INF] Content root path: C:\Users\user\OneDrive\Documents\HanifRamadhan\DefaultDotnetBackend
2025-08-08 17:36:01.153 +07:00 [INF] Request starting HTTP/1.1 GET http://localhost:5004/Builder?schema=master - null null
2025-08-08 17:36:01.190 +07:00 [INF] Executing endpoint 'DefaultDotnetBackend.Controllers.BuilderController.GetTable (DefaultDotnetBackend)'
2025-08-08 17:36:01.215 +07:00 [INF] Route matched with {action = "GetTable", controller = "Builder"}. Executing controller action with signature System.Threading.Tasks.Task`1[Microsoft.AspNetCore.Mvc.IActionResult] GetTable(System.String) on controller DefaultDotnetBackend.Controllers.BuilderController (DefaultDotnetBackend).
2025-08-08 17:36:01.853 +07:00 [ERR] [BuilderController]: System.InvalidCastException: Column 'foreign_table' is null.
   at Npgsql.ThrowHelper.ThrowInvalidCastException_NoValue(FieldDescription field)
   at Npgsql.NpgsqlDataReader.DbNullValueOrThrow[T](Int32 ordinal)
   at Npgsql.NpgsqlDataReader.GetFieldValueCore[T](Int32 ordinal)
   at Npgsql.NpgsqlDataReader.GetString(Int32 ordinal)
   at DefaultDotnetBackend.Repositories.BuilderRepository.GetTableDetail(String schema) in C:\Users\user\OneDrive\Documents\HanifRamadhan\DefaultDotnetBackend\Modules\Builder\Repository\BuilderRepository.cs:line 174
   at DefaultDotnetBackend.Repositories.BuilderRepository.GetTableDetail(String schema) in C:\Users\user\OneDrive\Documents\HanifRamadhan\DefaultDotnetBackend\Modules\Builder\Repository\BuilderRepository.cs:line 194
   at DefaultDotnetBackend.Repositories.BuilderRepository.GetTableDetail(String schema) in C:\Users\user\OneDrive\Documents\HanifRamadhan\DefaultDotnetBackend\Modules\Builder\Repository\BuilderRepository.cs:line 194
   at DefaultDotnetBackend.Controllers.BuilderController.GetTable(String schema) in C:\Users\user\OneDrive\Documents\HanifRamadhan\DefaultDotnetBackend\Modules\Builder\Controller\BuilderController.cs:line 32
2025-08-08 17:36:01.865 +07:00 [INF] Executing BadRequestObjectResult, writing value of type '<>f__AnonymousType0`3[[System.Boolean, System.Private.CoreLib, Version=8.0.0.0, Culture=neutral, PublicKeyToken=7cec85d7bea7798e],[System.String, System.Private.CoreLib, Version=8.0.0.0, Culture=neutral, PublicKeyToken=7cec85d7bea7798e],[System.Object, System.Private.CoreLib, Version=8.0.0.0, Culture=neutral, PublicKeyToken=7cec85d7bea7798e]]'.
2025-08-08 17:36:01.943 +07:00 [INF] Executed action DefaultDotnetBackend.Controllers.BuilderController.GetTable (DefaultDotnetBackend) in 720.8229ms
2025-08-08 17:36:01.949 +07:00 [INF] Executed endpoint 'DefaultDotnetBackend.Controllers.BuilderController.GetTable (DefaultDotnetBackend)'
2025-08-08 17:36:01.954 +07:00 [INF] Request finished HTTP/1.1 GET http://localhost:5004/Builder?schema=master - 400 null application/json; charset=utf-8 802.9439ms
2025-08-08 17:37:30.785 +07:00 [INF] Application is shutting down...
2025-08-08 17:37:35.026 +07:00 [INF] Now listening on: http://localhost:5004
2025-08-08 17:37:35.063 +07:00 [INF] Application started. Press Ctrl+C to shut down.
2025-08-08 17:37:35.066 +07:00 [INF] Hosting environment: Development
2025-08-08 17:37:35.068 +07:00 [INF] Content root path: C:\Users\user\OneDrive\Documents\HanifRamadhan\DefaultDotnetBackend
2025-08-08 17:37:38.237 +07:00 [INF] Application is shutting down...
2025-08-08 17:37:41.683 +07:00 [INF] Now listening on: http://localhost:5004
2025-08-08 17:37:41.729 +07:00 [INF] Application started. Press Ctrl+C to shut down.
2025-08-08 17:37:41.731 +07:00 [INF] Hosting environment: Development
2025-08-08 17:37:41.734 +07:00 [INF] Content root path: C:\Users\user\OneDrive\Documents\HanifRamadhan\DefaultDotnetBackend
2025-08-08 17:37:42.928 +07:00 [INF] Request starting HTTP/1.1 GET http://localhost:5004/Builder?schema=master - null null
2025-08-08 17:37:42.970 +07:00 [INF] Executing endpoint 'DefaultDotnetBackend.Controllers.BuilderController.GetTable (DefaultDotnetBackend)'
2025-08-08 17:37:42.994 +07:00 [INF] Route matched with {action = "GetTable", controller = "Builder"}. Executing controller action with signature System.Threading.Tasks.Task`1[Microsoft.AspNetCore.Mvc.IActionResult] GetTable(System.String) on controller DefaultDotnetBackend.Controllers.BuilderController (DefaultDotnetBackend).
2025-08-08 17:37:43.688 +07:00 [ERR] [BuilderController]: System.NullReferenceException: Object reference not set to an instance of an object.
   at DefaultDotnetBackend.Repositories.BuilderRepository.GetTableDetail(String schema) in C:\Users\user\OneDrive\Documents\HanifRamadhan\DefaultDotnetBackend\Modules\Builder\Repository\BuilderRepository.cs:line 190
   at DefaultDotnetBackend.Repositories.BuilderRepository.GetTableDetail(String schema) in C:\Users\user\OneDrive\Documents\HanifRamadhan\DefaultDotnetBackend\Modules\Builder\Repository\BuilderRepository.cs:line 194
   at DefaultDotnetBackend.Repositories.BuilderRepository.GetTableDetail(String schema) in C:\Users\user\OneDrive\Documents\HanifRamadhan\DefaultDotnetBackend\Modules\Builder\Repository\BuilderRepository.cs:line 194
   at DefaultDotnetBackend.Controllers.BuilderController.GetTable(String schema) in C:\Users\user\OneDrive\Documents\HanifRamadhan\DefaultDotnetBackend\Modules\Builder\Controller\BuilderController.cs:line 32
2025-08-08 17:37:43.698 +07:00 [INF] Executing BadRequestObjectResult, writing value of type '<>f__AnonymousType0`3[[System.Boolean, System.Private.CoreLib, Version=8.0.0.0, Culture=neutral, PublicKeyToken=7cec85d7bea7798e],[System.String, System.Private.CoreLib, Version=8.0.0.0, Culture=neutral, PublicKeyToken=7cec85d7bea7798e],[System.Object, System.Private.CoreLib, Version=8.0.0.0, Culture=neutral, PublicKeyToken=7cec85d7bea7798e]]'.
2025-08-08 17:37:43.772 +07:00 [INF] Executed action DefaultDotnetBackend.Controllers.BuilderController.GetTable (DefaultDotnetBackend) in 767.2989ms
2025-08-08 17:37:43.777 +07:00 [INF] Executed endpoint 'DefaultDotnetBackend.Controllers.BuilderController.GetTable (DefaultDotnetBackend)'
2025-08-08 17:37:43.782 +07:00 [INF] Request finished HTTP/1.1 GET http://localhost:5004/Builder?schema=master - 400 null application/json; charset=utf-8 854.6219ms
2025-08-08 17:38:59.260 +07:00 [INF] Application is shutting down...
2025-08-08 17:39:03.544 +07:00 [INF] Now listening on: http://localhost:5004
2025-08-08 17:39:03.584 +07:00 [INF] Application started. Press Ctrl+C to shut down.
2025-08-08 17:39:03.587 +07:00 [INF] Hosting environment: Development
2025-08-08 17:39:03.588 +07:00 [INF] Content root path: C:\Users\user\OneDrive\Documents\HanifRamadhan\DefaultDotnetBackend
2025-08-08 17:39:04.567 +07:00 [INF] Request starting HTTP/1.1 GET http://localhost:5004/Builder?schema=master - null null
2025-08-08 17:39:04.609 +07:00 [INF] Executing endpoint 'DefaultDotnetBackend.Controllers.BuilderController.GetTable (DefaultDotnetBackend)'
2025-08-08 17:39:04.639 +07:00 [INF] Route matched with {action = "GetTable", controller = "Builder"}. Executing controller action with signature System.Threading.Tasks.Task`1[Microsoft.AspNetCore.Mvc.IActionResult] GetTable(System.String) on controller DefaultDotnetBackend.Controllers.BuilderController (DefaultDotnetBackend).
2025-08-08 17:39:05.251 +07:00 [ERR] [BuilderController]: System.NullReferenceException: Object reference not set to an instance of an object.
   at DefaultDotnetBackend.Repositories.BuilderRepository.GetTableDetail(String schema) in C:\Users\user\OneDrive\Documents\HanifRamadhan\DefaultDotnetBackend\Modules\Builder\Repository\BuilderRepository.cs:line 193
   at DefaultDotnetBackend.Repositories.BuilderRepository.GetTableDetail(String schema) in C:\Users\user\OneDrive\Documents\HanifRamadhan\DefaultDotnetBackend\Modules\Builder\Repository\BuilderRepository.cs:line 197
   at DefaultDotnetBackend.Repositories.BuilderRepository.GetTableDetail(String schema) in C:\Users\user\OneDrive\Documents\HanifRamadhan\DefaultDotnetBackend\Modules\Builder\Repository\BuilderRepository.cs:line 197
   at DefaultDotnetBackend.Controllers.BuilderController.GetTable(String schema) in C:\Users\user\OneDrive\Documents\HanifRamadhan\DefaultDotnetBackend\Modules\Builder\Controller\BuilderController.cs:line 32
2025-08-08 17:39:05.262 +07:00 [INF] Executing BadRequestObjectResult, writing value of type '<>f__AnonymousType0`3[[System.Boolean, System.Private.CoreLib, Version=8.0.0.0, Culture=neutral, PublicKeyToken=7cec85d7bea7798e],[System.String, System.Private.CoreLib, Version=8.0.0.0, Culture=neutral, PublicKeyToken=7cec85d7bea7798e],[System.Object, System.Private.CoreLib, Version=8.0.0.0, Culture=neutral, PublicKeyToken=7cec85d7bea7798e]]'.
2025-08-08 17:39:05.342 +07:00 [INF] Executed action DefaultDotnetBackend.Controllers.BuilderController.GetTable (DefaultDotnetBackend) in 695.8017ms
2025-08-08 17:39:05.353 +07:00 [INF] Executed endpoint 'DefaultDotnetBackend.Controllers.BuilderController.GetTable (DefaultDotnetBackend)'
2025-08-08 17:39:05.359 +07:00 [INF] Request finished HTTP/1.1 GET http://localhost:5004/Builder?schema=master - 400 null application/json; charset=utf-8 794.2109ms
2025-08-08 17:39:42.927 +07:00 [INF] Application is shutting down...
2025-08-08 17:39:48.103 +07:00 [INF] Now listening on: http://localhost:5004
2025-08-08 17:39:48.154 +07:00 [INF] Application started. Press Ctrl+C to shut down.
2025-08-08 17:39:48.156 +07:00 [INF] Hosting environment: Development
2025-08-08 17:39:48.158 +07:00 [INF] Content root path: C:\Users\user\OneDrive\Documents\HanifRamadhan\DefaultDotnetBackend
2025-08-08 17:40:01.818 +07:00 [INF] Request starting HTTP/1.1 GET http://localhost:5004/Builder?schema=master - null null
2025-08-08 17:40:01.858 +07:00 [INF] Executing endpoint 'DefaultDotnetBackend.Controllers.BuilderController.GetTable (DefaultDotnetBackend)'
2025-08-08 17:40:01.882 +07:00 [INF] Route matched with {action = "GetTable", controller = "Builder"}. Executing controller action with signature System.Threading.Tasks.Task`1[Microsoft.AspNetCore.Mvc.IActionResult] GetTable(System.String) on controller DefaultDotnetBackend.Controllers.BuilderController (DefaultDotnetBackend).
2025-08-08 17:40:02.402 +07:00 [ERR] [BuilderController]: System.NullReferenceException: Object reference not set to an instance of an object.
   at DefaultDotnetBackend.Repositories.BuilderRepository.GetTableDetail(String schema) in C:\Users\user\OneDrive\Documents\HanifRamadhan\DefaultDotnetBackend\Modules\Builder\Repository\BuilderRepository.cs:line 193
   at DefaultDotnetBackend.Repositories.BuilderRepository.GetTableDetail(String schema) in C:\Users\user\OneDrive\Documents\HanifRamadhan\DefaultDotnetBackend\Modules\Builder\Repository\BuilderRepository.cs:line 197
   at DefaultDotnetBackend.Repositories.BuilderRepository.GetTableDetail(String schema) in C:\Users\user\OneDrive\Documents\HanifRamadhan\DefaultDotnetBackend\Modules\Builder\Repository\BuilderRepository.cs:line 197
   at DefaultDotnetBackend.Controllers.BuilderController.GetTable(String schema) in C:\Users\user\OneDrive\Documents\HanifRamadhan\DefaultDotnetBackend\Modules\Builder\Controller\BuilderController.cs:line 32
2025-08-08 17:40:02.414 +07:00 [INF] Executing BadRequestObjectResult, writing value of type '<>f__AnonymousType0`3[[System.Boolean, System.Private.CoreLib, Version=8.0.0.0, Culture=neutral, PublicKeyToken=7cec85d7bea7798e],[System.String, System.Private.CoreLib, Version=8.0.0.0, Culture=neutral, PublicKeyToken=7cec85d7bea7798e],[System.Object, System.Private.CoreLib, Version=8.0.0.0, Culture=neutral, PublicKeyToken=7cec85d7bea7798e]]'.
2025-08-08 17:40:02.485 +07:00 [INF] Executed action DefaultDotnetBackend.Controllers.BuilderController.GetTable (DefaultDotnetBackend) in 594.2987ms
2025-08-08 17:40:02.492 +07:00 [INF] Executed endpoint 'DefaultDotnetBackend.Controllers.BuilderController.GetTable (DefaultDotnetBackend)'
2025-08-08 17:40:02.497 +07:00 [INF] Request finished HTTP/1.1 GET http://localhost:5004/Builder?schema=master - 400 null application/json; charset=utf-8 680.2143ms
2025-08-08 17:41:06.849 +07:00 [INF] Application is shutting down...
2025-08-08 17:41:11.277 +07:00 [INF] Now listening on: http://localhost:5004
2025-08-08 17:41:11.321 +07:00 [INF] Application started. Press Ctrl+C to shut down.
2025-08-08 17:41:11.324 +07:00 [INF] Hosting environment: Development
2025-08-08 17:41:11.325 +07:00 [INF] Content root path: C:\Users\user\OneDrive\Documents\HanifRamadhan\DefaultDotnetBackend
2025-08-08 17:41:12.924 +07:00 [INF] Request starting HTTP/1.1 GET http://localhost:5004/Builder?schema=master - null null
2025-08-08 17:41:12.968 +07:00 [INF] Executing endpoint 'DefaultDotnetBackend.Controllers.BuilderController.GetTable (DefaultDotnetBackend)'
2025-08-08 17:41:12.993 +07:00 [INF] Route matched with {action = "GetTable", controller = "Builder"}. Executing controller action with signature System.Threading.Tasks.Task`1[Microsoft.AspNetCore.Mvc.IActionResult] GetTable(System.String) on controller DefaultDotnetBackend.Controllers.BuilderController (DefaultDotnetBackend).
2025-08-08 17:41:13.602 +07:00 [ERR] [BuilderController]: System.InvalidCastException: Column 'foreign_table' is null.
   at Npgsql.ThrowHelper.ThrowInvalidCastException_NoValue(FieldDescription field)
   at Npgsql.NpgsqlDataReader.DbNullValueOrThrow[T](Int32 ordinal)
   at Npgsql.NpgsqlDataReader.GetFieldValueCore[T](Int32 ordinal)
   at Npgsql.NpgsqlDataReader.GetString(Int32 ordinal)
   at DefaultDotnetBackend.Repositories.BuilderRepository.GetTableDetail(String schema) in C:\Users\user\OneDrive\Documents\HanifRamadhan\DefaultDotnetBackend\Modules\Builder\Repository\BuilderRepository.cs:line 174
   at DefaultDotnetBackend.Repositories.BuilderRepository.GetTableDetail(String schema) in C:\Users\user\OneDrive\Documents\HanifRamadhan\DefaultDotnetBackend\Modules\Builder\Repository\BuilderRepository.cs:line 194
   at DefaultDotnetBackend.Repositories.BuilderRepository.GetTableDetail(String schema) in C:\Users\user\OneDrive\Documents\HanifRamadhan\DefaultDotnetBackend\Modules\Builder\Repository\BuilderRepository.cs:line 194
   at DefaultDotnetBackend.Controllers.BuilderController.GetTable(String schema) in C:\Users\user\OneDrive\Documents\HanifRamadhan\DefaultDotnetBackend\Modules\Builder\Controller\BuilderController.cs:line 32
2025-08-08 17:41:13.612 +07:00 [INF] Executing BadRequestObjectResult, writing value of type '<>f__AnonymousType0`3[[System.Boolean, System.Private.CoreLib, Version=8.0.0.0, Culture=neutral, PublicKeyToken=7cec85d7bea7798e],[System.String, System.Private.CoreLib, Version=8.0.0.0, Culture=neutral, PublicKeyToken=7cec85d7bea7798e],[System.Object, System.Private.CoreLib, Version=8.0.0.0, Culture=neutral, PublicKeyToken=7cec85d7bea7798e]]'.
2025-08-08 17:41:13.689 +07:00 [INF] Executed action DefaultDotnetBackend.Controllers.BuilderController.GetTable (DefaultDotnetBackend) in 688.0251ms
2025-08-08 17:41:13.698 +07:00 [INF] Executed endpoint 'DefaultDotnetBackend.Controllers.BuilderController.GetTable (DefaultDotnetBackend)'
2025-08-08 17:41:13.706 +07:00 [INF] Request finished HTTP/1.1 GET http://localhost:5004/Builder?schema=master - 400 null application/json; charset=utf-8 784.0632ms
2025-08-08 17:41:26.773 +07:00 [INF] Application is shutting down...
2025-08-08 17:41:30.684 +07:00 [INF] Now listening on: http://localhost:5004
2025-08-08 17:41:30.728 +07:00 [INF] Application started. Press Ctrl+C to shut down.
2025-08-08 17:41:30.730 +07:00 [INF] Hosting environment: Development
2025-08-08 17:41:30.731 +07:00 [INF] Content root path: C:\Users\user\OneDrive\Documents\HanifRamadhan\DefaultDotnetBackend
2025-08-08 17:41:31.742 +07:00 [INF] Request starting HTTP/1.1 GET http://localhost:5004/Builder?schema=master - null null
2025-08-08 17:41:31.781 +07:00 [INF] Executing endpoint 'DefaultDotnetBackend.Controllers.BuilderController.GetTable (DefaultDotnetBackend)'
2025-08-08 17:41:31.807 +07:00 [INF] Route matched with {action = "GetTable", controller = "Builder"}. Executing controller action with signature System.Threading.Tasks.Task`1[Microsoft.AspNetCore.Mvc.IActionResult] GetTable(System.String) on controller DefaultDotnetBackend.Controllers.BuilderController (DefaultDotnetBackend).
2025-08-08 17:41:32.482 +07:00 [INF] Executing OkObjectResult, writing value of type 'DefaultDotnetBackend.DTOs.ApiResponse`1[[System.Collections.Generic.List`1[[DefaultDotnetBackend.DTOs.TableDetailResponse, DefaultDotnetBackend, Version=1.0.0.0, Culture=neutral, PublicKeyToken=null]], System.Private.CoreLib, Version=8.0.0.0, Culture=neutral, PublicKeyToken=7cec85d7bea7798e]]'.
2025-08-08 17:41:32.566 +07:00 [INF] Executed action DefaultDotnetBackend.Controllers.BuilderController.GetTable (DefaultDotnetBackend) in 751.6147ms
2025-08-08 17:41:32.572 +07:00 [INF] Executed endpoint 'DefaultDotnetBackend.Controllers.BuilderController.GetTable (DefaultDotnetBackend)'
2025-08-08 17:41:32.577 +07:00 [INF] Request finished HTTP/1.1 GET http://localhost:5004/Builder?schema=master - 200 null application/json; charset=utf-8 836.3829ms
2025-08-08 17:42:51.305 +07:00 [INF] Application is shutting down...
2025-08-08 17:42:54.997 +07:00 [INF] Now listening on: http://localhost:5004
2025-08-08 17:42:55.030 +07:00 [INF] Application started. Press Ctrl+C to shut down.
2025-08-08 17:42:55.033 +07:00 [INF] Hosting environment: Development
2025-08-08 17:42:55.035 +07:00 [INF] Content root path: C:\Users\user\OneDrive\Documents\HanifRamadhan\DefaultDotnetBackend
2025-08-08 17:42:56.443 +07:00 [INF] Request starting HTTP/1.1 GET http://localhost:5004/Builder?schema=master - null null
2025-08-08 17:42:56.483 +07:00 [INF] Executing endpoint 'DefaultDotnetBackend.Controllers.BuilderController.GetTable (DefaultDotnetBackend)'
2025-08-08 17:42:56.511 +07:00 [INF] Route matched with {action = "GetTable", controller = "Builder"}. Executing controller action with signature System.Threading.Tasks.Task`1[Microsoft.AspNetCore.Mvc.IActionResult] GetTable(System.String) on controller DefaultDotnetBackend.Controllers.BuilderController (DefaultDotnetBackend).
2025-08-08 17:42:57.088 +07:00 [INF] Executing OkObjectResult, writing value of type 'DefaultDotnetBackend.DTOs.ApiResponse`1[[System.Collections.Generic.List`1[[DefaultDotnetBackend.DTOs.TableDetailResponse, DefaultDotnetBackend, Version=1.0.0.0, Culture=neutral, PublicKeyToken=null]], System.Private.CoreLib, Version=8.0.0.0, Culture=neutral, PublicKeyToken=7cec85d7bea7798e]]'.
2025-08-08 17:42:57.181 +07:00 [INF] Executed action DefaultDotnetBackend.Controllers.BuilderController.GetTable (DefaultDotnetBackend) in 663.4287ms
2025-08-08 17:42:57.189 +07:00 [INF] Executed endpoint 'DefaultDotnetBackend.Controllers.BuilderController.GetTable (DefaultDotnetBackend)'
2025-08-08 17:42:57.193 +07:00 [INF] Request finished HTTP/1.1 GET http://localhost:5004/Builder?schema=master - 200 null application/json; charset=utf-8 751.3929ms
2025-08-08 17:43:01.479 +07:00 [INF] Request starting HTTP/1.1 GET http://localhost:5004/Builder?schema=master - null null
2025-08-08 17:43:01.486 +07:00 [INF] Executing endpoint 'DefaultDotnetBackend.Controllers.BuilderController.GetTable (DefaultDotnetBackend)'
2025-08-08 17:43:01.490 +07:00 [INF] Route matched with {action = "GetTable", controller = "Builder"}. Executing controller action with signature System.Threading.Tasks.Task`1[Microsoft.AspNetCore.Mvc.IActionResult] GetTable(System.String) on controller DefaultDotnetBackend.Controllers.BuilderController (DefaultDotnetBackend).
2025-08-08 17:43:01.716 +07:00 [INF] Executing OkObjectResult, writing value of type 'DefaultDotnetBackend.DTOs.ApiResponse`1[[System.Collections.Generic.List`1[[DefaultDotnetBackend.DTOs.TableDetailResponse, DefaultDotnetBackend, Version=1.0.0.0, Culture=neutral, PublicKeyToken=null]], System.Private.CoreLib, Version=8.0.0.0, Culture=neutral, PublicKeyToken=7cec85d7bea7798e]]'.
2025-08-08 17:43:01.720 +07:00 [INF] Executed action DefaultDotnetBackend.Controllers.BuilderController.GetTable (DefaultDotnetBackend) in 227.9987ms
2025-08-08 17:43:01.724 +07:00 [INF] Executed endpoint 'DefaultDotnetBackend.Controllers.BuilderController.GetTable (DefaultDotnetBackend)'
2025-08-08 17:43:01.726 +07:00 [INF] Request finished HTTP/1.1 GET http://localhost:5004/Builder?schema=master - 200 null application/json; charset=utf-8 248.2392ms
2025-08-08 17:45:22.876 +07:00 [INF] Application is shutting down...
2025-08-08 17:45:27.492 +07:00 [INF] Now listening on: http://localhost:5004
2025-08-08 17:45:27.554 +07:00 [INF] Application started. Press Ctrl+C to shut down.
2025-08-08 17:45:27.557 +07:00 [INF] Hosting environment: Development
2025-08-08 17:45:27.561 +07:00 [INF] Content root path: C:\Users\user\OneDrive\Documents\HanifRamadhan\DefaultDotnetBackend
2025-08-08 17:45:29.112 +07:00 [INF] Request starting HTTP/1.1 GET http://localhost:5004/Builder?schema=master - null null
2025-08-08 17:45:29.150 +07:00 [INF] Executing endpoint 'DefaultDotnetBackend.Controllers.BuilderController.GetTable (DefaultDotnetBackend)'
2025-08-08 17:45:29.173 +07:00 [INF] Route matched with {action = "GetTable", controller = "Builder"}. Executing controller action with signature System.Threading.Tasks.Task`1[Microsoft.AspNetCore.Mvc.IActionResult] GetTable(System.String) on controller DefaultDotnetBackend.Controllers.BuilderController (DefaultDotnetBackend).
2025-08-08 17:45:29.829 +07:00 [INF] Executing OkObjectResult, writing value of type 'DefaultDotnetBackend.DTOs.ApiResponse`1[[System.Collections.Generic.List`1[[DefaultDotnetBackend.DTOs.TableDetailResponse, DefaultDotnetBackend, Version=1.0.0.0, Culture=neutral, PublicKeyToken=null]], System.Private.CoreLib, Version=8.0.0.0, Culture=neutral, PublicKeyToken=7cec85d7bea7798e]]'.
2025-08-08 17:45:29.924 +07:00 [INF] Executed action DefaultDotnetBackend.Controllers.BuilderController.GetTable (DefaultDotnetBackend) in 742.056ms
2025-08-08 17:45:29.930 +07:00 [INF] Executed endpoint 'DefaultDotnetBackend.Controllers.BuilderController.GetTable (DefaultDotnetBackend)'
2025-08-08 17:45:29.935 +07:00 [INF] Request finished HTTP/1.1 GET http://localhost:5004/Builder?schema=master - 200 null application/json; charset=utf-8 824.8381ms
2025-08-08 17:46:33.160 +07:00 [INF] Application is shutting down...
2025-08-08 17:46:37.389 +07:00 [INF] Now listening on: http://localhost:5004
2025-08-08 17:46:37.424 +07:00 [INF] Application started. Press Ctrl+C to shut down.
2025-08-08 17:46:37.427 +07:00 [INF] Hosting environment: Development
2025-08-08 17:46:37.429 +07:00 [INF] Content root path: C:\Users\user\OneDrive\Documents\HanifRamadhan\DefaultDotnetBackend
2025-08-08 17:46:39.615 +07:00 [INF] Request starting HTTP/1.1 GET http://localhost:5004/Builder?schema=master - null null
2025-08-08 17:46:39.655 +07:00 [INF] Executing endpoint 'DefaultDotnetBackend.Controllers.BuilderController.GetTable (DefaultDotnetBackend)'
2025-08-08 17:46:39.680 +07:00 [INF] Route matched with {action = "GetTable", controller = "Builder"}. Executing controller action with signature System.Threading.Tasks.Task`1[Microsoft.AspNetCore.Mvc.IActionResult] GetTable(System.String) on controller DefaultDotnetBackend.Controllers.BuilderController (DefaultDotnetBackend).
2025-08-08 17:46:40.331 +07:00 [INF] Executing OkObjectResult, writing value of type 'DefaultDotnetBackend.DTOs.ApiResponse`1[[System.Collections.Generic.List`1[[DefaultDotnetBackend.DTOs.TableDetailResponse, DefaultDotnetBackend, Version=1.0.0.0, Culture=neutral, PublicKeyToken=null]], System.Private.CoreLib, Version=8.0.0.0, Culture=neutral, PublicKeyToken=7cec85d7bea7798e]]'.
2025-08-08 17:46:40.429 +07:00 [INF] Executed action DefaultDotnetBackend.Controllers.BuilderController.GetTable (DefaultDotnetBackend) in 742.6047ms
2025-08-08 17:46:40.435 +07:00 [INF] Executed endpoint 'DefaultDotnetBackend.Controllers.BuilderController.GetTable (DefaultDotnetBackend)'
2025-08-08 17:46:40.440 +07:00 [INF] Request finished HTTP/1.1 GET http://localhost:5004/Builder?schema=master - 200 null application/json; charset=utf-8 825.8641ms
2025-08-08 17:48:27.862 +07:00 [INF] Application is shutting down...
2025-08-08 17:48:40.384 +07:00 [INF] Now listening on: http://localhost:5004
2025-08-08 17:48:40.427 +07:00 [INF] Application started. Press Ctrl+C to shut down.
2025-08-08 17:48:40.430 +07:00 [INF] Hosting environment: Development
2025-08-08 17:48:40.437 +07:00 [INF] Content root path: C:\Users\user\OneDrive\Documents\HanifRamadhan\DefaultDotnetBackend
2025-08-08 17:48:42.941 +07:00 [INF] Request starting HTTP/1.1 GET http://localhost:5004/Builder?schema=master - null null
2025-08-08 17:48:42.981 +07:00 [INF] Executing endpoint 'DefaultDotnetBackend.Controllers.BuilderController.GetTable (DefaultDotnetBackend)'
2025-08-08 17:48:43.009 +07:00 [INF] Route matched with {action = "GetTable", controller = "Builder"}. Executing controller action with signature System.Threading.Tasks.Task`1[Microsoft.AspNetCore.Mvc.IActionResult] GetTable(System.String) on controller DefaultDotnetBackend.Controllers.BuilderController (DefaultDotnetBackend).
2025-08-08 17:48:43.532 +07:00 [INF] Executing OkObjectResult, writing value of type 'DefaultDotnetBackend.DTOs.ApiResponse`1[[System.Collections.Generic.List`1[[DefaultDotnetBackend.DTOs.TableDetailResponse, DefaultDotnetBackend, Version=1.0.0.0, Culture=neutral, PublicKeyToken=null]], System.Private.CoreLib, Version=8.0.0.0, Culture=neutral, PublicKeyToken=7cec85d7bea7798e]]'.
2025-08-08 17:48:43.614 +07:00 [INF] Executed action DefaultDotnetBackend.Controllers.BuilderController.GetTable (DefaultDotnetBackend) in 598.5726ms
2025-08-08 17:48:43.622 +07:00 [INF] Executed endpoint 'DefaultDotnetBackend.Controllers.BuilderController.GetTable (DefaultDotnetBackend)'
2025-08-08 17:48:43.627 +07:00 [INF] Request finished HTTP/1.1 GET http://localhost:5004/Builder?schema=master - 200 null application/json; charset=utf-8 688.0159ms
2025-08-08 17:53:19.860 +07:00 [INF] Application is shutting down...
2025-08-08 17:53:23.750 +07:00 [INF] Now listening on: http://localhost:5004
2025-08-08 17:53:23.784 +07:00 [INF] Application started. Press Ctrl+C to shut down.
2025-08-08 17:53:23.787 +07:00 [INF] Hosting environment: Development
2025-08-08 17:53:23.789 +07:00 [INF] Content root path: C:\Users\user\OneDrive\Documents\HanifRamadhan\DefaultDotnetBackend
2025-08-08 17:53:28.561 +07:00 [INF] Request starting HTTP/1.1 GET http://localhost:5004/Builder?schema=master - null null
2025-08-08 17:53:28.598 +07:00 [INF] Executing endpoint 'DefaultDotnetBackend.Controllers.BuilderController.GetTable (DefaultDotnetBackend)'
2025-08-08 17:53:28.621 +07:00 [INF] Route matched with {action = "GetTable", controller = "Builder"}. Executing controller action with signature System.Threading.Tasks.Task`1[Microsoft.AspNetCore.Mvc.IActionResult] GetTable(System.String) on controller DefaultDotnetBackend.Controllers.BuilderController (DefaultDotnetBackend).
2025-08-08 17:53:29.104 +07:00 [ERR] [BuilderController]: Npgsql.PostgresException (0x80004005): 42601: syntax error at or near "C"

POSITION: 360
   at Npgsql.Internal.NpgsqlConnector.ReadMessageLong(Boolean async, DataRowLoadingMode dataRowLoadingMode, Boolean readingNotifications, Boolean isReadingPrependedMessage)
   at System.Runtime.CompilerServices.PoolingAsyncValueTaskMethodBuilder`1.StateMachineBox`1.System.Threading.Tasks.Sources.IValueTaskSource<TResult>.GetResult(Int16 token)
   at Npgsql.NpgsqlDataReader.NextResult(Boolean async, Boolean isConsuming, CancellationToken cancellationToken)
   at Npgsql.NpgsqlDataReader.NextResult(Boolean async, Boolean isConsuming, CancellationToken cancellationToken)
   at Npgsql.NpgsqlCommand.ExecuteReader(Boolean async, CommandBehavior behavior, CancellationToken cancellationToken)
   at Npgsql.NpgsqlCommand.ExecuteReader(Boolean async, CommandBehavior behavior, CancellationToken cancellationToken)
   at DefaultDotnetBackend.Repositories.BuilderRepository.GetTableDetail(String schema) in C:\Users\user\OneDrive\Documents\HanifRamadhan\DefaultDotnetBackend\Modules\Builder\Repository\BuilderRepository.cs:line 164
   at DefaultDotnetBackend.Repositories.BuilderRepository.GetTableDetail(String schema) in C:\Users\user\OneDrive\Documents\HanifRamadhan\DefaultDotnetBackend\Modules\Builder\Repository\BuilderRepository.cs:line 200
   at DefaultDotnetBackend.Controllers.BuilderController.GetTable(String schema) in C:\Users\user\OneDrive\Documents\HanifRamadhan\DefaultDotnetBackend\Modules\Builder\Controller\BuilderController.cs:line 32
  Exception data:
    Severity: ERROR
    SqlState: 42601
    MessageText: syntax error at or near "C"
    Position: 360
    File: scan.l
    Line: 1248
    Routine: scanner_yyerror
2025-08-08 17:53:29.119 +07:00 [INF] Executing BadRequestObjectResult, writing value of type '<>f__AnonymousType0`3[[System.Boolean, System.Private.CoreLib, Version=8.0.0.0, Culture=neutral, PublicKeyToken=7cec85d7bea7798e],[System.String, System.Private.CoreLib, Version=8.0.0.0, Culture=neutral, PublicKeyToken=7cec85d7bea7798e],[System.Object, System.Private.CoreLib, Version=8.0.0.0, Culture=neutral, PublicKeyToken=7cec85d7bea7798e]]'.
2025-08-08 17:53:29.201 +07:00 [INF] Executed action DefaultDotnetBackend.Controllers.BuilderController.GetTable (DefaultDotnetBackend) in 567.14ms
2025-08-08 17:53:29.212 +07:00 [INF] Executed endpoint 'DefaultDotnetBackend.Controllers.BuilderController.GetTable (DefaultDotnetBackend)'
2025-08-08 17:53:29.218 +07:00 [INF] Request finished HTTP/1.1 GET http://localhost:5004/Builder?schema=master - 400 null application/json; charset=utf-8 658.7042ms
2025-08-08 17:53:57.739 +07:00 [INF] Application is shutting down...
2025-08-08 17:54:04.296 +07:00 [INF] Now listening on: http://localhost:5004
2025-08-08 17:54:04.334 +07:00 [INF] Application started. Press Ctrl+C to shut down.
2025-08-08 17:54:04.337 +07:00 [INF] Hosting environment: Development
2025-08-08 17:54:04.339 +07:00 [INF] Content root path: C:\Users\user\OneDrive\Documents\HanifRamadhan\DefaultDotnetBackend
2025-08-08 17:54:05.451 +07:00 [INF] Request starting HTTP/1.1 GET http://localhost:5004/Builder?schema=master - null null
2025-08-08 17:54:05.491 +07:00 [INF] Executing endpoint 'DefaultDotnetBackend.Controllers.BuilderController.GetTable (DefaultDotnetBackend)'
2025-08-08 17:54:05.516 +07:00 [INF] Route matched with {action = "GetTable", controller = "Builder"}. Executing controller action with signature System.Threading.Tasks.Task`1[Microsoft.AspNetCore.Mvc.IActionResult] GetTable(System.String) on controller DefaultDotnetBackend.Controllers.BuilderController (DefaultDotnetBackend).
2025-08-08 17:54:05.865 +07:00 [ERR] [BuilderController]: Npgsql.PostgresException (0x80004005): 42601: syntax error at or near "C"

POSITION: 361
   at Npgsql.Internal.NpgsqlConnector.ReadMessageLong(Boolean async, DataRowLoadingMode dataRowLoadingMode, Boolean readingNotifications, Boolean isReadingPrependedMessage)
   at System.Runtime.CompilerServices.PoolingAsyncValueTaskMethodBuilder`1.StateMachineBox`1.System.Threading.Tasks.Sources.IValueTaskSource<TResult>.GetResult(Int16 token)
   at Npgsql.NpgsqlDataReader.NextResult(Boolean async, Boolean isConsuming, CancellationToken cancellationToken)
   at Npgsql.NpgsqlDataReader.NextResult(Boolean async, Boolean isConsuming, CancellationToken cancellationToken)
   at Npgsql.NpgsqlCommand.ExecuteReader(Boolean async, CommandBehavior behavior, CancellationToken cancellationToken)
   at Npgsql.NpgsqlCommand.ExecuteReader(Boolean async, CommandBehavior behavior, CancellationToken cancellationToken)
   at DefaultDotnetBackend.Repositories.BuilderRepository.GetTableDetail(String schema) in C:\Users\user\OneDrive\Documents\HanifRamadhan\DefaultDotnetBackend\Modules\Builder\Repository\BuilderRepository.cs:line 164
   at DefaultDotnetBackend.Repositories.BuilderRepository.GetTableDetail(String schema) in C:\Users\user\OneDrive\Documents\HanifRamadhan\DefaultDotnetBackend\Modules\Builder\Repository\BuilderRepository.cs:line 200
   at DefaultDotnetBackend.Controllers.BuilderController.GetTable(String schema) in C:\Users\user\OneDrive\Documents\HanifRamadhan\DefaultDotnetBackend\Modules\Builder\Controller\BuilderController.cs:line 32
  Exception data:
    Severity: ERROR
    SqlState: 42601
    MessageText: syntax error at or near "C"
    Position: 361
    File: scan.l
    Line: 1248
    Routine: scanner_yyerror
2025-08-08 17:54:05.883 +07:00 [INF] Executing BadRequestObjectResult, writing value of type '<>f__AnonymousType0`3[[System.Boolean, System.Private.CoreLib, Version=8.0.0.0, Culture=neutral, PublicKeyToken=7cec85d7bea7798e],[System.String, System.Private.CoreLib, Version=8.0.0.0, Culture=neutral, PublicKeyToken=7cec85d7bea7798e],[System.Object, System.Private.CoreLib, Version=8.0.0.0, Culture=neutral, PublicKeyToken=7cec85d7bea7798e]]'.
2025-08-08 17:54:05.964 +07:00 [INF] Executed action DefaultDotnetBackend.Controllers.BuilderController.GetTable (DefaultDotnetBackend) in 436.9133ms
2025-08-08 17:54:05.973 +07:00 [INF] Executed endpoint 'DefaultDotnetBackend.Controllers.BuilderController.GetTable (DefaultDotnetBackend)'
2025-08-08 17:54:05.982 +07:00 [INF] Request finished HTTP/1.1 GET http://localhost:5004/Builder?schema=master - 400 null application/json; charset=utf-8 532.3071ms
2025-08-08 17:54:22.707 +07:00 [INF] Application is shutting down...
2025-08-08 17:54:26.471 +07:00 [INF] Now listening on: http://localhost:5004
2025-08-08 17:54:26.507 +07:00 [INF] Application started. Press Ctrl+C to shut down.
2025-08-08 17:54:26.510 +07:00 [INF] Hosting environment: Development
2025-08-08 17:54:26.512 +07:00 [INF] Content root path: C:\Users\user\OneDrive\Documents\HanifRamadhan\DefaultDotnetBackend
2025-08-08 17:54:32.773 +07:00 [INF] Request starting HTTP/1.1 GET http://localhost:5004/Builder?schema=master - null null
2025-08-08 17:54:32.810 +07:00 [INF] Executing endpoint 'DefaultDotnetBackend.Controllers.BuilderController.GetTable (DefaultDotnetBackend)'
2025-08-08 17:54:32.833 +07:00 [INF] Route matched with {action = "GetTable", controller = "Builder"}. Executing controller action with signature System.Threading.Tasks.Task`1[Microsoft.AspNetCore.Mvc.IActionResult] GetTable(System.String) on controller DefaultDotnetBackend.Controllers.BuilderController (DefaultDotnetBackend).
2025-08-08 17:54:33.433 +07:00 [INF] Executing OkObjectResult, writing value of type 'DefaultDotnetBackend.DTOs.ApiResponse`1[[System.Collections.Generic.List`1[[DefaultDotnetBackend.DTOs.TableDetailResponse, DefaultDotnetBackend, Version=1.0.0.0, Culture=neutral, PublicKeyToken=null]], System.Private.CoreLib, Version=8.0.0.0, Culture=neutral, PublicKeyToken=7cec85d7bea7798e]]'.
2025-08-08 17:54:33.513 +07:00 [INF] Executed action DefaultDotnetBackend.Controllers.BuilderController.GetTable (DefaultDotnetBackend) in 672.2871ms
2025-08-08 17:54:33.519 +07:00 [INF] Executed endpoint 'DefaultDotnetBackend.Controllers.BuilderController.GetTable (DefaultDotnetBackend)'
2025-08-08 17:54:33.524 +07:00 [INF] Request finished HTTP/1.1 GET http://localhost:5004/Builder?schema=master - 200 null application/json; charset=utf-8 753.239ms
2025-08-08 17:56:24.947 +07:00 [INF] Application is shutting down...
2025-08-08 17:56:28.752 +07:00 [INF] Now listening on: http://localhost:5004
2025-08-08 17:56:28.789 +07:00 [INF] Application started. Press Ctrl+C to shut down.
2025-08-08 17:56:28.791 +07:00 [INF] Hosting environment: Development
2025-08-08 17:56:28.793 +07:00 [INF] Content root path: C:\Users\user\OneDrive\Documents\HanifRamadhan\DefaultDotnetBackend
2025-08-08 17:56:39.790 +07:00 [INF] Request starting HTTP/1.1 GET http://localhost:5004/Builder?schema=master - null null
2025-08-08 17:56:39.829 +07:00 [INF] Executing endpoint 'DefaultDotnetBackend.Controllers.BuilderController.GetTable (DefaultDotnetBackend)'
2025-08-08 17:56:39.856 +07:00 [INF] Route matched with {action = "GetTable", controller = "Builder"}. Executing controller action with signature System.Threading.Tasks.Task`1[Microsoft.AspNetCore.Mvc.IActionResult] GetTable(System.String) on controller DefaultDotnetBackend.Controllers.BuilderController (DefaultDotnetBackend).
2025-08-08 17:56:40.439 +07:00 [INF] Executing OkObjectResult, writing value of type 'DefaultDotnetBackend.DTOs.ApiResponse`1[[System.Collections.Generic.List`1[[DefaultDotnetBackend.DTOs.TableDetailResponse, DefaultDotnetBackend, Version=1.0.0.0, Culture=neutral, PublicKeyToken=null]], System.Private.CoreLib, Version=8.0.0.0, Culture=neutral, PublicKeyToken=7cec85d7bea7798e]]'.
2025-08-08 17:56:40.529 +07:00 [INF] Executed action DefaultDotnetBackend.Controllers.BuilderController.GetTable (DefaultDotnetBackend) in 666.3404ms
2025-08-08 17:56:40.538 +07:00 [INF] Executed endpoint 'DefaultDotnetBackend.Controllers.BuilderController.GetTable (DefaultDotnetBackend)'
2025-08-08 17:56:40.544 +07:00 [INF] Request finished HTTP/1.1 GET http://localhost:5004/Builder?schema=master - 200 null application/json; charset=utf-8 755.4474ms
2025-08-08 18:37:24.041 +07:00 [INF] Application is shutting down...
2025-08-08 18:37:33.145 +07:00 [INF] Now listening on: http://localhost:5004
2025-08-08 18:37:33.178 +07:00 [INF] Application started. Press Ctrl+C to shut down.
2025-08-08 18:37:33.180 +07:00 [INF] Hosting environment: Development
2025-08-08 18:37:33.181 +07:00 [INF] Content root path: C:\Users\user\OneDrive\Documents\HanifRamadhan\DefaultDotnetBackend
2025-08-08 18:37:35.410 +07:00 [INF] Request starting HTTP/1.1 GET http://localhost:5004/swagger/index.html - null null
2025-08-08 18:37:35.516 +07:00 [INF] Request finished HTTP/1.1 GET http://localhost:5004/swagger/index.html - 200 null text/html;charset=utf-8 109.0868ms
2025-08-08 18:37:35.665 +07:00 [INF] Request starting HTTP/1.1 GET http://localhost:5004/swagger/base/swagger.json - null null
2025-08-08 18:37:35.747 +07:00 [INF] Request finished HTTP/1.1 GET http://localhost:5004/swagger/base/swagger.json - 200 null application/json;charset=utf-8 82.5683ms
2025-08-08 18:37:39.716 +07:00 [INF] Request starting HTTP/1.1 GET http://localhost:5004/Builder/Schema - null null
2025-08-08 18:37:39.748 +07:00 [INF] Executing endpoint 'DefaultDotnetBackend.Controllers.BuilderController.GetSchema (DefaultDotnetBackend)'
2025-08-08 18:37:39.767 +07:00 [INF] Route matched with {action = "GetSchema", controller = "Builder"}. Executing controller action with signature System.Threading.Tasks.Task`1[Microsoft.AspNetCore.Mvc.IActionResult] GetSchema() on controller DefaultDotnetBackend.Controllers.BuilderController (DefaultDotnetBackend).
2025-08-08 18:37:40.183 +07:00 [INF] Executing OkObjectResult, writing value of type 'DefaultDotnetBackend.DTOs.ApiResponse`1[[DefaultDotnetBackend.DTOs.PagedResult`1[[DefaultDotnetBackend.DTOs.OptionResponse, DefaultDotnetBackend, Version=1.0.0.0, Culture=neutral, PublicKeyToken=null]], DefaultDotnetBackend, Version=1.0.0.0, Culture=neutral, PublicKeyToken=null]]'.
2025-08-08 18:37:40.256 +07:00 [INF] Executed action DefaultDotnetBackend.Controllers.BuilderController.GetSchema (DefaultDotnetBackend) in 482.1234ms
2025-08-08 18:37:40.259 +07:00 [INF] Executed endpoint 'DefaultDotnetBackend.Controllers.BuilderController.GetSchema (DefaultDotnetBackend)'
2025-08-08 18:37:40.264 +07:00 [INF] Request finished HTTP/1.1 GET http://localhost:5004/Builder/Schema - 200 null application/json; charset=utf-8 548.0278ms
2025-08-08 18:43:02.242 +07:00 [INF] Application is shutting down...
2025-08-08 18:43:06.671 +07:00 [INF] Now listening on: http://localhost:5004
2025-08-08 18:43:06.708 +07:00 [INF] Application started. Press Ctrl+C to shut down.
2025-08-08 18:43:06.711 +07:00 [INF] Hosting environment: Development
2025-08-08 18:43:06.713 +07:00 [INF] Content root path: C:\Users\user\OneDrive\Documents\HanifRamadhan\DefaultDotnetBackend
2025-08-08 18:43:08.702 +07:00 [INF] Request starting HTTP/1.1 GET http://localhost:5004/Builder/Schema - null null
2025-08-08 18:43:08.753 +07:00 [INF] Executing endpoint 'DefaultDotnetBackend.Controllers.BuilderController.GetSchema (DefaultDotnetBackend)'
2025-08-08 18:43:08.777 +07:00 [INF] Route matched with {action = "GetSchema", controller = "Builder"}. Executing controller action with signature System.Threading.Tasks.Task`1[Microsoft.AspNetCore.Mvc.IActionResult] GetSchema() on controller DefaultDotnetBackend.Controllers.BuilderController (DefaultDotnetBackend).
2025-08-08 18:43:09.248 +07:00 [INF] Executing OkObjectResult, writing value of type 'DefaultDotnetBackend.DTOs.ApiResponse`1[[DefaultDotnetBackend.DTOs.PagedResult`1[[DefaultDotnetBackend.DTOs.OptionResponse, DefaultDotnetBackend, Version=1.0.0.0, Culture=neutral, PublicKeyToken=null]], DefaultDotnetBackend, Version=1.0.0.0, Culture=neutral, PublicKeyToken=null]]'.
2025-08-08 18:43:09.344 +07:00 [INF] Executed action DefaultDotnetBackend.Controllers.BuilderController.GetSchema (DefaultDotnetBackend) in 558.3727ms
2025-08-08 18:43:09.351 +07:00 [INF] Executed endpoint 'DefaultDotnetBackend.Controllers.BuilderController.GetSchema (DefaultDotnetBackend)'
2025-08-08 18:43:09.358 +07:00 [INF] Request finished HTTP/1.1 GET http://localhost:5004/Builder/Schema - 200 null application/json; charset=utf-8 658.4013ms
2025-08-08 18:43:30.672 +07:00 [INF] Application is shutting down...
2025-08-08 18:43:34.788 +07:00 [INF] Now listening on: http://localhost:5004
2025-08-08 18:43:34.826 +07:00 [INF] Application started. Press Ctrl+C to shut down.
2025-08-08 18:43:34.830 +07:00 [INF] Hosting environment: Development
2025-08-08 18:43:34.834 +07:00 [INF] Content root path: C:\Users\user\OneDrive\Documents\HanifRamadhan\DefaultDotnetBackend
2025-08-08 18:43:36.104 +07:00 [INF] Request starting HTTP/1.1 GET http://localhost:5004/Builder/Schema - null null
2025-08-08 18:43:36.152 +07:00 [INF] Executing endpoint 'DefaultDotnetBackend.Controllers.BuilderController.GetSchema (DefaultDotnetBackend)'
2025-08-08 18:43:36.172 +07:00 [INF] Route matched with {action = "GetSchema", controller = "Builder"}. Executing controller action with signature System.Threading.Tasks.Task`1[Microsoft.AspNetCore.Mvc.IActionResult] GetSchema() on controller DefaultDotnetBackend.Controllers.BuilderController (DefaultDotnetBackend).
2025-08-08 18:43:36.440 +07:00 [INF] Executing OkObjectResult, writing value of type 'DefaultDotnetBackend.DTOs.ApiResponse`1[[DefaultDotnetBackend.DTOs.PagedResult`1[[DefaultDotnetBackend.DTOs.OptionResponse, DefaultDotnetBackend, Version=1.0.0.0, Culture=neutral, PublicKeyToken=null]], DefaultDotnetBackend, Version=1.0.0.0, Culture=neutral, PublicKeyToken=null]]'.
2025-08-08 18:43:36.527 +07:00 [INF] Executed action DefaultDotnetBackend.Controllers.BuilderController.GetSchema (DefaultDotnetBackend) in 348.7077ms
2025-08-08 18:43:36.534 +07:00 [INF] Executed endpoint 'DefaultDotnetBackend.Controllers.BuilderController.GetSchema (DefaultDotnetBackend)'
2025-08-08 18:43:36.539 +07:00 [INF] Request finished HTTP/1.1 GET http://localhost:5004/Builder/Schema - 200 null application/json; charset=utf-8 436.0603ms
2025-08-08 18:43:45.860 +07:00 [INF] Request starting HTTP/1.1 GET http://localhost:5004/Builder/Table?schema=public - null null
2025-08-08 18:43:45.870 +07:00 [INF] Executing endpoint 'DefaultDotnetBackend.Controllers.BuilderController.GetTable (DefaultDotnetBackend)'
2025-08-08 18:43:45.880 +07:00 [INF] Route matched with {action = "GetTable", controller = "Builder"}. Executing controller action with signature System.Threading.Tasks.Task`1[Microsoft.AspNetCore.Mvc.IActionResult] GetTable(System.String) on controller DefaultDotnetBackend.Controllers.BuilderController (DefaultDotnetBackend).
2025-08-08 18:43:45.935 +07:00 [INF] Executing OkObjectResult, writing value of type 'DefaultDotnetBackend.DTOs.ApiResponse`1[[DefaultDotnetBackend.DTOs.PagedResult`1[[DefaultDotnetBackend.DTOs.OptionResponse, DefaultDotnetBackend, Version=1.0.0.0, Culture=neutral, PublicKeyToken=null]], DefaultDotnetBackend, Version=1.0.0.0, Culture=neutral, PublicKeyToken=null]]'.
2025-08-08 18:43:45.938 +07:00 [INF] Executed action DefaultDotnetBackend.Controllers.BuilderController.GetTable (DefaultDotnetBackend) in 53.8673ms
2025-08-08 18:43:45.941 +07:00 [INF] Executed endpoint 'DefaultDotnetBackend.Controllers.BuilderController.GetTable (DefaultDotnetBackend)'
2025-08-08 18:43:45.943 +07:00 [INF] Request finished HTTP/1.1 GET http://localhost:5004/Builder/Table?schema=public - 200 null application/json; charset=utf-8 88.0589ms
2025-08-08 18:44:49.894 +07:00 [INF] Application is shutting down...
2025-08-08 18:44:53.790 +07:00 [INF] Now listening on: http://localhost:5004
2025-08-08 18:44:53.834 +07:00 [INF] Application started. Press Ctrl+C to shut down.
2025-08-08 18:44:53.837 +07:00 [INF] Hosting environment: Development
2025-08-08 18:44:53.839 +07:00 [INF] Content root path: C:\Users\user\OneDrive\Documents\HanifRamadhan\DefaultDotnetBackend
2025-08-08 18:44:56.990 +07:00 [INF] Request starting HTTP/1.1 GET http://localhost:5004/Builder/Table?schema=public - null null
2025-08-08 18:44:57.032 +07:00 [INF] Executing endpoint 'DefaultDotnetBackend.Controllers.BuilderController.GetTable (DefaultDotnetBackend)'
2025-08-08 18:44:57.058 +07:00 [INF] Route matched with {action = "GetTable", controller = "Builder"}. Executing controller action with signature System.Threading.Tasks.Task`1[Microsoft.AspNetCore.Mvc.IActionResult] GetTable(System.String) on controller DefaultDotnetBackend.Controllers.BuilderController (DefaultDotnetBackend).
2025-08-08 18:44:57.390 +07:00 [INF] Executing NotFoundObjectResult, writing value of type 'DefaultDotnetBackend.DTOs.ApiResponse'.
2025-08-08 18:44:57.456 +07:00 [INF] Executed action DefaultDotnetBackend.Controllers.BuilderController.GetTable (DefaultDotnetBackend) in 389.1425ms
2025-08-08 18:44:57.465 +07:00 [INF] Executed endpoint 'DefaultDotnetBackend.Controllers.BuilderController.GetTable (DefaultDotnetBackend)'
2025-08-08 18:44:57.470 +07:00 [INF] Request finished HTTP/1.1 GET http://localhost:5004/Builder/Table?schema=public - 404 null application/json; charset=utf-8 480.5698ms
2025-08-08 18:45:05.420 +07:00 [INF] Request starting HTTP/1.1 GET http://localhost:5004/Builder/Table?schema=master - null null
2025-08-08 18:45:05.428 +07:00 [INF] Executing endpoint 'DefaultDotnetBackend.Controllers.BuilderController.GetTable (DefaultDotnetBackend)'
2025-08-08 18:45:05.431 +07:00 [INF] Route matched with {action = "GetTable", controller = "Builder"}. Executing controller action with signature System.Threading.Tasks.Task`1[Microsoft.AspNetCore.Mvc.IActionResult] GetTable(System.String) on controller DefaultDotnetBackend.Controllers.BuilderController (DefaultDotnetBackend).
2025-08-08 18:45:05.446 +07:00 [INF] Executing OkObjectResult, writing value of type 'DefaultDotnetBackend.DTOs.ApiResponse`1[[DefaultDotnetBackend.DTOs.PagedResult`1[[DefaultDotnetBackend.DTOs.OptionResponse, DefaultDotnetBackend, Version=1.0.0.0, Culture=neutral, PublicKeyToken=null]], DefaultDotnetBackend, Version=1.0.0.0, Culture=neutral, PublicKeyToken=null]]'.
2025-08-08 18:45:05.471 +07:00 [INF] Executed action DefaultDotnetBackend.Controllers.BuilderController.GetTable (DefaultDotnetBackend) in 35.9839ms
2025-08-08 18:45:05.474 +07:00 [INF] Executed endpoint 'DefaultDotnetBackend.Controllers.BuilderController.GetTable (DefaultDotnetBackend)'
2025-08-08 18:45:05.476 +07:00 [INF] Request finished HTTP/1.1 GET http://localhost:5004/Builder/Table?schema=master - 200 null application/json; charset=utf-8 56.4999ms
2025-08-08 18:45:24.406 +07:00 [INF] Request starting HTTP/1.1 GET http://localhost:5004/Builder/Table/Detail?schema=master&tableName=accesses - null null
2025-08-08 18:45:24.415 +07:00 [INF] Executing endpoint 'DefaultDotnetBackend.Controllers.BuilderController.GetTableByName (DefaultDotnetBackend)'
2025-08-08 18:45:24.422 +07:00 [INF] Route matched with {action = "GetTableByName", controller = "Builder"}. Executing controller action with signature System.Threading.Tasks.Task`1[Microsoft.AspNetCore.Mvc.IActionResult] GetTableByName(System.String, System.String) on controller DefaultDotnetBackend.Controllers.BuilderController (DefaultDotnetBackend).
2025-08-08 18:45:24.684 +07:00 [INF] Executing OkObjectResult, writing value of type 'DefaultDotnetBackend.DTOs.ApiResponse`1[[DefaultDotnetBackend.DTOs.TableDetailResponse, DefaultDotnetBackend, Version=1.0.0.0, Culture=neutral, PublicKeyToken=null]]'.
2025-08-08 18:45:24.699 +07:00 [INF] Executed action DefaultDotnetBackend.Controllers.BuilderController.GetTableByName (DefaultDotnetBackend) in 272.5788ms
2025-08-08 18:45:24.703 +07:00 [INF] Executed endpoint 'DefaultDotnetBackend.Controllers.BuilderController.GetTableByName (DefaultDotnetBackend)'
2025-08-08 18:45:24.706 +07:00 [INF] Request finished HTTP/1.1 GET http://localhost:5004/Builder/Table/Detail?schema=master&tableName=accesses - 200 null application/json; charset=utf-8 299.5001ms
2025-08-08 18:47:47.320 +07:00 [INF] Application is shutting down...
